New log file opened at Tue Oct 06 17:16:38 COT 2015 by 68231@MBP-German.uniandes.edu.co
Sending msg to client play-fork-run-fdcab3b6-d6ca-4974-a4e2-7d2c1cc6d029: DetachedLogEvent(LogMessage(debug,sbt server socket logs are in: /Users/Ger/Documents/Ger Repos/biciapp/.sbtserver/connections/master.log))
Sending msg to client play-fork-run-fdcab3b6-d6ca-4974-a4e2-7d2c1cc6d029: DetachedLogEvent(LogMessage(debug,sbt general server logs are in: /Users/Ger/Documents/Ger Repos/biciapp/.sbtserver/master.log))
Sending msg to client play-fork-run-fdcab3b6-d6ca-4974-a4e2-7d2c1cc6d029: DetachedLogEvent(LogMessage(debug,sbt client logs are in: /Users/Ger/Documents/Ger Repos/biciapp/.sbtserver/connections/play-fork-run-fdcab3b6-d6ca-4974-a4e2-7d2c1cc6d029.log))
Reading next message from client.
Got request: DaemonRequest(true)
Reading next message from client.
Sending msg to client play-fork-run-fdcab3b6-d6ca-4974-a4e2-7d2c1cc6d029: (3,ReceivedResponse())
Got request: ListenToEvents()
Reading next message from client.
Sending msg to client play-fork-run-fdcab3b6-d6ca-4974-a4e2-7d2c1cc6d029: BackgroundJobStarted(6,BackgroundJobInfo(1,backgroundRun,AttributeKey[sbt.BackgroundJobHandle]("backgroundRun") in Scope(Build: file:/Users/Ger/Documents/Ger%20Repos/biciapp/, , Project: ProjectReference(file:/Users/Ger/Documents/Ger%20Repos/biciapp/,root), Config: compile)))
Sending msg to client play-fork-run-fdcab3b6-d6ca-4974-a4e2-7d2c1cc6d029: (4,ReceivedResponse())
Got request: KeyLookupRequest(root/playForkConfig)
Reading next message from client.
Sending msg to client play-fork-run-fdcab3b6-d6ca-4974-a4e2-7d2c1cc6d029: (5,KeyLookupResponse(root/playForkConfig,Vector(AttributeKey[play.forkrun.protocol.ForkConfig]("playForkConfig") in Scope(Build: file:/Users/Ger/Documents/Ger%20Repos/biciapp/, , Project: ProjectReference(file:/Users/Ger/Documents/Ger%20Repos/biciapp/,root)))))
Got request: ListenToValue(AttributeKey[play.forkrun.protocol.ForkConfig]("playForkConfig") in Scope(Build: file:/Users/Ger/Documents/Ger%20Repos/biciapp/, , Project: ProjectReference(file:/Users/Ger/Documents/Ger%20Repos/biciapp/,root)))
Reading next message from client.
Sending msg to client play-fork-run-fdcab3b6-d6ca-4974-a4e2-7d2c1cc6d029: (6,ReceivedResponse())
Got request: KeyExecutionRequest(AttributeKey[play.forkrun.protocol.ForkConfig]("playForkConfig") in Scope(Build: file:/Users/Ger/Documents/Ger%20Repos/biciapp/, , Project: ProjectReference(file:/Users/Ger/Documents/Ger%20Repos/biciapp/,root)))
Reading next message from client.
Sending msg to client play-fork-run-fdcab3b6-d6ca-4974-a4e2-7d2c1cc6d029: (7,ExecutionRequestReceived(7))
Sending msg to client play-fork-run-fdcab3b6-d6ca-4974-a4e2-7d2c1cc6d029: ExecutionWaiting(7,{file:/Users/Ger/Documents/Ger%20Repos/biciapp/}root/*:playForkConfig,ClientInfo(fdcab3b6-d6ca-4974-a4e2-7d2c1cc6d029,play-fork-run,Play Fork Run,1,Vector()))
Sending msg to client play-fork-run-fdcab3b6-d6ca-4974-a4e2-7d2c1cc6d029: ExecutionStarting(7)
Sending msg to client play-fork-run-fdcab3b6-d6ca-4974-a4e2-7d2c1cc6d029: DetachedLogEvent(LogMessage(debug,> {file:/Users/Ger/Documents/Ger%20Repos/biciapp/}root/*:playForkConfig))
Sending msg to client play-fork-run-fdcab3b6-d6ca-4974-a4e2-7d2c1cc6d029: DetachedLogEvent(LogMessage(debug,Evaluating tasks: *:playForkConfig))
Sending msg to client play-fork-run-fdcab3b6-d6ca-4974-a4e2-7d2c1cc6d029: DetachedLogEvent(LogMessage(debug,Running task... Cancel: sbt.server.ServerTaskCancellation@211277ed, check cycles: false))
Sending msg to client play-fork-run-fdcab3b6-d6ca-4974-a4e2-7d2c1cc6d029: DetachedLogEvent(LogMessage(debug,cancel strategy start enabled=true lastCommand=Some(LastCommand(CommandExecutionWork(ExecutionId(7),{file:/Users/Ger/Documents/Ger%20Repos/biciapp/}root/*:playForkConfig,Set(LiveClient(play-fork-run fdcab3b6-d6ca-4974-a4e2-7d2c1cc6d029)),sbt.server.WorkCancellationStatus$$anon$1@2afb2283)))))
Sending msg to client play-fork-run-fdcab3b6-d6ca-4974-a4e2-7d2c1cc6d029: TaskStarted(7,458,None)
Sending msg to client play-fork-run-fdcab3b6-d6ca-4974-a4e2-7d2c1cc6d029: TaskStarted(7,460,None)
Sending msg to client play-fork-run-fdcab3b6-d6ca-4974-a4e2-7d2c1cc6d029: TaskStarted(7,466,Some(AttributeKey[java.lang.String]("updateCacheName") in Scope(Build: file:/Users/Ger/Documents/Ger%20Repos/biciapp/, , Project: ProjectReference(file:/Users/Ger/Documents/Ger%20Repos/biciapp/,root))))
Sending msg to client play-fork-run-fdcab3b6-d6ca-4974-a4e2-7d2c1cc6d029: TaskStarted(7,471,Some(AttributeKey[scala.Option[scala.collection.Seq[sbt.Resolver]]]("bootResolvers") in Scope(Build: file:/Users/Ger/Documents/Ger%20Repos/biciapp/, , Project: ProjectReference(file:/Users/Ger/Documents/Ger%20Repos/biciapp/,root))))
Sending msg to client play-fork-run-fdcab3b6-d6ca-4974-a4e2-7d2c1cc6d029: TaskStarted(7,475,Some(AttributeKey[scala.collection.Seq[sbt.Resolver]]("externalResolvers") in Scope(Build: file:/Users/Ger/Documents/Ger%20Repos/biciapp/, , Project: ProjectReference(file:/Users/Ger/Documents/Ger%20Repos/biciapp/,root))))
Sending msg to client play-fork-run-fdcab3b6-d6ca-4974-a4e2-7d2c1cc6d029: TaskStarted(7,478,Some(AttributeKey[scala.collection.Seq[sbt.Credentials]]("credentials") in Scope(Global)))
Sending msg to client play-fork-run-fdcab3b6-d6ca-4974-a4e2-7d2c1cc6d029: TaskStarted(7,484,None)
Sending msg to client play-fork-run-fdcab3b6-d6ca-4974-a4e2-7d2c1cc6d029: TaskStarted(7,485,None)
Sending msg to client play-fork-run-fdcab3b6-d6ca-4974-a4e2-7d2c1cc6d029: TaskStarted(7,487,None)
Sending msg to client play-fork-run-fdcab3b6-d6ca-4974-a4e2-7d2c1cc6d029: TaskStarted(7,488,Some(AttributeKey[boolean]("skip") in Scope(Global)))
Sending msg to client play-fork-run-fdcab3b6-d6ca-4974-a4e2-7d2c1cc6d029: TaskStarted(7,489,None)
Sending msg to client play-fork-run-fdcab3b6-d6ca-4974-a4e2-7d2c1cc6d029: TaskStarted(7,496,None)
Sending msg to client play-fork-run-fdcab3b6-d6ca-4974-a4e2-7d2c1cc6d029: TaskStarted(7,499,Some(AttributeKey[scala.collection.Seq[java.lang.String]]("javaOptions") in Scope(Global)))
Sending msg to client play-fork-run-fdcab3b6-d6ca-4974-a4e2-7d2c1cc6d029: TaskStarted(7,501,None)
Sending msg to client play-fork-run-fdcab3b6-d6ca-4974-a4e2-7d2c1cc6d029: TaskStarted(7,504,Some(AttributeKey[scala.Option[java.lang.String]]("mainClass") in Scope(Build: file:/Users/Ger/Documents/Ger%20Repos/biciapp/, , Project: ProjectReference(file:/Users/Ger/Documents/Ger%20Repos/biciapp/,root), Config: compile, Task: AttributeKey[void]("run"))))
Sending msg to client play-fork-run-fdcab3b6-d6ca-4974-a4e2-7d2c1cc6d029: TaskStarted(7,506,Some(AttributeKey[scala.Tuple2[java.lang.String,java.io.File]]("playPrefixAndAssets") in Scope(Build: file:/Users/Ger/Documents/Ger%20Repos/biciapp/, , Project: ProjectReference(file:/Users/Ger/Documents/Ger%20Repos/biciapp/,root))))
Sending msg to client play-fork-run-fdcab3b6-d6ca-4974-a4e2-7d2c1cc6d029: TaskFinished(7,458,None,true,None)
Sending msg to client play-fork-run-fdcab3b6-d6ca-4974-a4e2-7d2c1cc6d029: TaskStarted(7,457,Some(AttributeKey[sbt.BuildStructure]("buildStructure") in Scope(Global)))
Sending msg to client play-fork-run-fdcab3b6-d6ca-4974-a4e2-7d2c1cc6d029: TaskStarted(7,482,Some(AttributeKey[java.io.File]("dependencyCacheDirectory") in Scope(Build: file:/Users/Ger/Documents/Ger%20Repos/biciapp/, , Project: ProjectReference(file:/Users/Ger/Documents/Ger%20Repos/biciapp/,root))))
Sending msg to client play-fork-run-fdcab3b6-d6ca-4974-a4e2-7d2c1cc6d029: TaskFinished(7,460,None,true,None)
Sending msg to client play-fork-run-fdcab3b6-d6ca-4974-a4e2-7d2c1cc6d029: TaskStarted(7,459,None)
Sending msg to client play-fork-run-fdcab3b6-d6ca-4974-a4e2-7d2c1cc6d029: TaskStarted(7,464,None)
Sending msg to client play-fork-run-fdcab3b6-d6ca-4974-a4e2-7d2c1cc6d029: TaskStarted(7,474,None)
Sending msg to client play-fork-run-fdcab3b6-d6ca-4974-a4e2-7d2c1cc6d029: TaskStarted(7,476,None)
Sending msg to client play-fork-run-fdcab3b6-d6ca-4974-a4e2-7d2c1cc6d029: TaskStarted(7,477,None)
Sending msg to client play-fork-run-fdcab3b6-d6ca-4974-a4e2-7d2c1cc6d029: TaskStarted(7,492,None)
Sending msg to client play-fork-run-fdcab3b6-d6ca-4974-a4e2-7d2c1cc6d029: TaskStarted(7,497,None)
Sending msg to client play-fork-run-fdcab3b6-d6ca-4974-a4e2-7d2c1cc6d029: TaskStarted(7,498,None)
Sending msg to client play-fork-run-fdcab3b6-d6ca-4974-a4e2-7d2c1cc6d029: TaskFinished(7,466,Some(AttributeKey[java.lang.String]("updateCacheName") in Scope(Build: file:/Users/Ger/Documents/Ger%20Repos/biciapp/, , Project: ProjectReference(file:/Users/Ger/Documents/Ger%20Repos/biciapp/,root))),true,None)
Sending msg to client play-fork-run-fdcab3b6-d6ca-4974-a4e2-7d2c1cc6d029: TaskFinished(7,471,Some(AttributeKey[scala.Option[scala.collection.Seq[sbt.Resolver]]]("bootResolvers") in Scope(Build: file:/Users/Ger/Documents/Ger%20Repos/biciapp/, , Project: ProjectReference(file:/Users/Ger/Documents/Ger%20Repos/biciapp/,root))),true,None)
Sending msg to client play-fork-run-fdcab3b6-d6ca-4974-a4e2-7d2c1cc6d029: TaskFinished(7,475,Some(AttributeKey[scala.collection.Seq[sbt.Resolver]]("externalResolvers") in Scope(Build: file:/Users/Ger/Documents/Ger%20Repos/biciapp/, , Project: ProjectReference(file:/Users/Ger/Documents/Ger%20Repos/biciapp/,root))),true,None)
Sending msg to client play-fork-run-fdcab3b6-d6ca-4974-a4e2-7d2c1cc6d029: TaskFinished(7,484,None,true,None)
Sending msg to client play-fork-run-fdcab3b6-d6ca-4974-a4e2-7d2c1cc6d029: TaskFinished(7,478,Some(AttributeKey[scala.collection.Seq[sbt.Credentials]]("credentials") in Scope(Global)),true,None)
Sending msg to client play-fork-run-fdcab3b6-d6ca-4974-a4e2-7d2c1cc6d029: TaskFinished(7,488,Some(AttributeKey[boolean]("skip") in Scope(Global)),true,None)
Sending msg to client play-fork-run-fdcab3b6-d6ca-4974-a4e2-7d2c1cc6d029: TaskFinished(7,487,None,true,None)
Sending msg to client play-fork-run-fdcab3b6-d6ca-4974-a4e2-7d2c1cc6d029: TaskFinished(7,485,None,true,None)
Sending msg to client play-fork-run-fdcab3b6-d6ca-4974-a4e2-7d2c1cc6d029: TaskStarted(7,483,Some(AttributeKey[scala.collection.Seq[sbt.UpdateReport]]("transitiveUpdate") in Scope(Build: file:/Users/Ger/Documents/Ger%20Repos/biciapp/, , Project: ProjectReference(file:/Users/Ger/Documents/Ger%20Repos/biciapp/,root))))
Sending msg to client play-fork-run-fdcab3b6-d6ca-4974-a4e2-7d2c1cc6d029: TaskFinished(7,489,None,true,None)
Sending msg to client play-fork-run-fdcab3b6-d6ca-4974-a4e2-7d2c1cc6d029: TaskFinished(7,496,None,true,None)
Sending msg to client play-fork-run-fdcab3b6-d6ca-4974-a4e2-7d2c1cc6d029: TaskFinished(7,499,Some(AttributeKey[scala.collection.Seq[java.lang.String]]("javaOptions") in Scope(Global)),true,None)
Sending msg to client play-fork-run-fdcab3b6-d6ca-4974-a4e2-7d2c1cc6d029: TaskFinished(7,501,None,true,None)
Sending msg to client play-fork-run-fdcab3b6-d6ca-4974-a4e2-7d2c1cc6d029: TaskFinished(7,504,Some(AttributeKey[scala.Option[java.lang.String]]("mainClass") in Scope(Build: file:/Users/Ger/Documents/Ger%20Repos/biciapp/, , Project: ProjectReference(file:/Users/Ger/Documents/Ger%20Repos/biciapp/,root), Config: compile, Task: AttributeKey[void]("run"))),true,None)
Sending msg to client play-fork-run-fdcab3b6-d6ca-4974-a4e2-7d2c1cc6d029: TaskFinished(7,506,Some(AttributeKey[scala.Tuple2[java.lang.String,java.io.File]]("playPrefixAndAssets") in Scope(Build: file:/Users/Ger/Documents/Ger%20Repos/biciapp/, , Project: ProjectReference(file:/Users/Ger/Documents/Ger%20Repos/biciapp/,root))),true,None)
Sending msg to client play-fork-run-fdcab3b6-d6ca-4974-a4e2-7d2c1cc6d029: TaskStarted(7,505,Some(AttributeKey[scala.collection.Seq[scala.Tuple2[java.lang.String,java.io.File]]]("playAllAssets") in Scope(Build: file:/Users/Ger/Documents/Ger%20Repos/biciapp/, , Project: ProjectReference(file:/Users/Ger/Documents/Ger%20Repos/biciapp/,root))))
Sending msg to client play-fork-run-fdcab3b6-d6ca-4974-a4e2-7d2c1cc6d029: TaskFinished(7,457,Some(AttributeKey[sbt.BuildStructure]("buildStructure") in Scope(Global)),true,None)
Sending msg to client play-fork-run-fdcab3b6-d6ca-4974-a4e2-7d2c1cc6d029: TaskStarted(7,456,Some(AttributeKey[sbt.Settings[sbt.Scope]]("settingsData") in Scope(Global)))
Sending msg to client play-fork-run-fdcab3b6-d6ca-4974-a4e2-7d2c1cc6d029: TaskFinished(7,482,Some(AttributeKey[java.io.File]("dependencyCacheDirectory") in Scope(Build: file:/Users/Ger/Documents/Ger%20Repos/biciapp/, , Project: ProjectReference(file:/Users/Ger/Documents/Ger%20Repos/biciapp/,root))),true,None)
Sending msg to client play-fork-run-fdcab3b6-d6ca-4974-a4e2-7d2c1cc6d029: TaskFinished(7,459,None,true,None)
Sending msg to client play-fork-run-fdcab3b6-d6ca-4974-a4e2-7d2c1cc6d029: TaskFinished(7,464,None,true,None)
Sending msg to client play-fork-run-fdcab3b6-d6ca-4974-a4e2-7d2c1cc6d029: TaskFinished(7,474,None,true,None)
Sending msg to client play-fork-run-fdcab3b6-d6ca-4974-a4e2-7d2c1cc6d029: TaskFinished(7,476,None,true,None)
Sending msg to client play-fork-run-fdcab3b6-d6ca-4974-a4e2-7d2c1cc6d029: TaskFinished(7,477,None,true,None)
Sending msg to client play-fork-run-fdcab3b6-d6ca-4974-a4e2-7d2c1cc6d029: TaskFinished(7,492,None,true,None)
Sending msg to client play-fork-run-fdcab3b6-d6ca-4974-a4e2-7d2c1cc6d029: TaskStarted(7,491,Some(AttributeKey[scala.collection.immutable.Map[sbt.ModuleID,sbt.SourcePosition]]("dependencyPositions") in Scope(Build: file:/Users/Ger/Documents/Ger%20Repos/biciapp/, , Project: ProjectReference(file:/Users/Ger/Documents/Ger%20Repos/biciapp/,root))))
Sending msg to client play-fork-run-fdcab3b6-d6ca-4974-a4e2-7d2c1cc6d029: TaskFinished(7,497,None,true,None)
Sending msg to client play-fork-run-fdcab3b6-d6ca-4974-a4e2-7d2c1cc6d029: TaskFinished(7,498,None,true,None)
Sending msg to client play-fork-run-fdcab3b6-d6ca-4974-a4e2-7d2c1cc6d029: TaskFinished(7,483,Some(AttributeKey[scala.collection.Seq[sbt.UpdateReport]]("transitiveUpdate") in Scope(Build: file:/Users/Ger/Documents/Ger%20Repos/biciapp/, , Project: ProjectReference(file:/Users/Ger/Documents/Ger%20Repos/biciapp/,root))),true,None)
Sending msg to client play-fork-run-fdcab3b6-d6ca-4974-a4e2-7d2c1cc6d029: TaskFinished(7,505,Some(AttributeKey[scala.collection.Seq[scala.Tuple2[java.lang.String,java.io.File]]]("playAllAssets") in Scope(Build: file:/Users/Ger/Documents/Ger%20Repos/biciapp/, , Project: ProjectReference(file:/Users/Ger/Documents/Ger%20Repos/biciapp/,root))),true,None)
Sending msg to client play-fork-run-fdcab3b6-d6ca-4974-a4e2-7d2c1cc6d029: TaskFinished(7,456,Some(AttributeKey[sbt.Settings[sbt.Scope]]("settingsData") in Scope(Global)),true,None)
Sending msg to client play-fork-run-fdcab3b6-d6ca-4974-a4e2-7d2c1cc6d029: TaskStarted(7,455,None)
Sending msg to client play-fork-run-fdcab3b6-d6ca-4974-a4e2-7d2c1cc6d029: TaskStarted(7,473,Some(AttributeKey[scala.collection.immutable.Map[org.apache.ivy.core.module.id.ModuleRevisionId,org.apache.ivy.core.module.descriptor.ModuleDescriptor]]("projectDescriptors") in Scope(Build: file:/Users/Ger/Documents/Ger%20Repos/biciapp/, , Project: ProjectReference(file:/Users/Ger/Documents/Ger%20Repos/biciapp/,root))))
Sending msg to client play-fork-run-fdcab3b6-d6ca-4974-a4e2-7d2c1cc6d029: TaskStarted(7,481,Some(AttributeKey[scala.collection.Seq[sbt.ModuleID]]("projectDependencies") in Scope(Build: file:/Users/Ger/Documents/Ger%20Repos/biciapp/, , Project: ProjectReference(file:/Users/Ger/Documents/Ger%20Repos/biciapp/,root))))
Sending msg to client play-fork-run-fdcab3b6-d6ca-4974-a4e2-7d2c1cc6d029: TaskStarted(7,486,None)
Sending msg to client play-fork-run-fdcab3b6-d6ca-4974-a4e2-7d2c1cc6d029: TaskStarted(7,500,Some(AttributeKey[scala.collection.Seq[java.io.File]]("playMonitoredFiles") in Scope(Build: file:/Users/Ger/Documents/Ger%20Repos/biciapp/, , Project: ProjectReference(file:/Users/Ger/Documents/Ger%20Repos/biciapp/,root))))
Sending msg to client play-fork-run-fdcab3b6-d6ca-4974-a4e2-7d2c1cc6d029: TaskFinished(7,491,Some(AttributeKey[scala.collection.immutable.Map[sbt.ModuleID,sbt.SourcePosition]]("dependencyPositions") in Scope(Build: file:/Users/Ger/Documents/Ger%20Repos/biciapp/, , Project: ProjectReference(file:/Users/Ger/Documents/Ger%20Repos/biciapp/,root))),true,None)
Sending msg to client play-fork-run-fdcab3b6-d6ca-4974-a4e2-7d2c1cc6d029: TaskStarted(7,490,Some(AttributeKey[sbt.UnresolvedWarningConfiguration]("unresolvedWarningConfiguration") in Scope(Build: file:/Users/Ger/Documents/Ger%20Repos/biciapp/, , Project: ProjectReference(file:/Users/Ger/Documents/Ger%20Repos/biciapp/,root), Task: AttributeKey[sbt.UpdateReport]("update"))))
Sending msg to client play-fork-run-fdcab3b6-d6ca-4974-a4e2-7d2c1cc6d029: TaskStarted(7,511,None)
Sending msg to client play-fork-run-fdcab3b6-d6ca-4974-a4e2-7d2c1cc6d029: TaskStarted(7,512,None)
Sending msg to client play-fork-run-fdcab3b6-d6ca-4974-a4e2-7d2c1cc6d029: TaskStarted(7,514,None)
Sending msg to client play-fork-run-fdcab3b6-d6ca-4974-a4e2-7d2c1cc6d029: TaskStarted(7,516,None)
Sending msg to client play-fork-run-fdcab3b6-d6ca-4974-a4e2-7d2c1cc6d029: TaskStarted(7,517,None)
Sending msg to client play-fork-run-fdcab3b6-d6ca-4974-a4e2-7d2c1cc6d029: TaskStarted(7,519,None)
Sending msg to client play-fork-run-fdcab3b6-d6ca-4974-a4e2-7d2c1cc6d029: TaskFinished(7,481,Some(AttributeKey[scala.collection.Seq[sbt.ModuleID]]("projectDependencies") in Scope(Build: file:/Users/Ger/Documents/Ger%20Repos/biciapp/, , Project: ProjectReference(file:/Users/Ger/Documents/Ger%20Repos/biciapp/,root))),true,None)
Sending msg to client play-fork-run-fdcab3b6-d6ca-4974-a4e2-7d2c1cc6d029: TaskStarted(7,480,Some(AttributeKey[scala.collection.Seq[sbt.ModuleID]]("allDependencies") in Scope(Build: file:/Users/Ger/Documents/Ger%20Repos/biciapp/, , Project: ProjectReference(file:/Users/Ger/Documents/Ger%20Repos/biciapp/,root))))
Sending msg to client play-fork-run-fdcab3b6-d6ca-4974-a4e2-7d2c1cc6d029: TaskStarted(7,520,None)
Sending msg to client play-fork-run-fdcab3b6-d6ca-4974-a4e2-7d2c1cc6d029: TaskStarted(7,521,None)
Sending msg to client play-fork-run-fdcab3b6-d6ca-4974-a4e2-7d2c1cc6d029: TaskFinished(7,490,Some(AttributeKey[sbt.UnresolvedWarningConfiguration]("unresolvedWarningConfiguration") in Scope(Build: file:/Users/Ger/Documents/Ger%20Repos/biciapp/, , Project: ProjectReference(file:/Users/Ger/Documents/Ger%20Repos/biciapp/,root), Task: AttributeKey[sbt.UpdateReport]("update"))),true,None)
Sending msg to client play-fork-run-fdcab3b6-d6ca-4974-a4e2-7d2c1cc6d029: TaskFinished(7,511,None,true,None)
Sending msg to client play-fork-run-fdcab3b6-d6ca-4974-a4e2-7d2c1cc6d029: TaskFinished(7,512,None,true,None)
Sending msg to client play-fork-run-fdcab3b6-d6ca-4974-a4e2-7d2c1cc6d029: TaskStarted(7,510,Some(AttributeKey[scala.collection.Seq[sbt.Attributed[java.io.File]]]("unmanagedJars") in Scope(Build: file:/Users/Ger/Documents/Ger%20Repos/biciapp/, , Project: ProjectReference(file:/Users/Ger/Documents/Ger%20Repos/biciapp/,root), Config: compile)))
Sending msg to client play-fork-run-fdcab3b6-d6ca-4974-a4e2-7d2c1cc6d029: TaskFinished(7,514,None,true,None)
Sending msg to client play-fork-run-fdcab3b6-d6ca-4974-a4e2-7d2c1cc6d029: TaskStarted(7,513,None)
Sending msg to client play-fork-run-fdcab3b6-d6ca-4974-a4e2-7d2c1cc6d029: TaskFinished(7,516,None,true,None)
Sending msg to client play-fork-run-fdcab3b6-d6ca-4974-a4e2-7d2c1cc6d029: TaskFinished(7,517,None,true,None)
Sending msg to client play-fork-run-fdcab3b6-d6ca-4974-a4e2-7d2c1cc6d029: TaskStarted(7,515,Some(AttributeKey[scala.collection.Seq[sbt.Attributed[java.io.File]]]("unmanagedJars") in Scope(Build: file:/Users/Ger/Documents/Ger%20Repos/biciapp/, , Project: ProjectReference(file:/Users/Ger/Documents/Ger%20Repos/biciapp/,root), Config: runtime)))
Sending msg to client play-fork-run-fdcab3b6-d6ca-4974-a4e2-7d2c1cc6d029: TaskFinished(7,519,None,true,None)
Sending msg to client play-fork-run-fdcab3b6-d6ca-4974-a4e2-7d2c1cc6d029: TaskStarted(7,518,None)
Sending msg to client play-fork-run-fdcab3b6-d6ca-4974-a4e2-7d2c1cc6d029: TaskFinished(7,480,Some(AttributeKey[scala.collection.Seq[sbt.ModuleID]]("allDependencies") in Scope(Build: file:/Users/Ger/Documents/Ger%20Repos/biciapp/, , Project: ProjectReference(file:/Users/Ger/Documents/Ger%20Repos/biciapp/,root))),true,None)
Sending msg to client play-fork-run-fdcab3b6-d6ca-4974-a4e2-7d2c1cc6d029: TaskStarted(7,479,Some(AttributeKey[sbt.ModuleSettings]("moduleSettings") in Scope(Build: file:/Users/Ger/Documents/Ger%20Repos/biciapp/, , Project: ProjectReference(file:/Users/Ger/Documents/Ger%20Repos/biciapp/,root))))
Sending msg to client play-fork-run-fdcab3b6-d6ca-4974-a4e2-7d2c1cc6d029: TaskFinished(7,520,None,true,None)
Sending msg to client play-fork-run-fdcab3b6-d6ca-4974-a4e2-7d2c1cc6d029: TaskFinished(7,486,None,true,None)
Sending msg to client play-fork-run-fdcab3b6-d6ca-4974-a4e2-7d2c1cc6d029: TaskFinished(7,510,Some(AttributeKey[scala.collection.Seq[sbt.Attributed[java.io.File]]]("unmanagedJars") in Scope(Build: file:/Users/Ger/Documents/Ger%20Repos/biciapp/, , Project: ProjectReference(file:/Users/Ger/Documents/Ger%20Repos/biciapp/,root), Config: compile)),true,None)
Sending msg to client play-fork-run-fdcab3b6-d6ca-4974-a4e2-7d2c1cc6d029: TaskStarted(7,522,None)
Sending msg to client play-fork-run-fdcab3b6-d6ca-4974-a4e2-7d2c1cc6d029: TaskFinished(7,521,None,true,None)
Sending msg to client play-fork-run-fdcab3b6-d6ca-4974-a4e2-7d2c1cc6d029: TaskFinished(7,500,Some(AttributeKey[scala.collection.Seq[java.io.File]]("playMonitoredFiles") in Scope(Build: file:/Users/Ger/Documents/Ger%20Repos/biciapp/, , Project: ProjectReference(file:/Users/Ger/Documents/Ger%20Repos/biciapp/,root))),true,None)
Sending msg to client play-fork-run-fdcab3b6-d6ca-4974-a4e2-7d2c1cc6d029: TaskFinished(7,515,Some(AttributeKey[scala.collection.Seq[sbt.Attributed[java.io.File]]]("unmanagedJars") in Scope(Build: file:/Users/Ger/Documents/Ger%20Repos/biciapp/, , Project: ProjectReference(file:/Users/Ger/Documents/Ger%20Repos/biciapp/,root), Config: runtime)),true,None)
Sending msg to client play-fork-run-fdcab3b6-d6ca-4974-a4e2-7d2c1cc6d029: TaskFinished(7,518,None,true,None)
Sending msg to client play-fork-run-fdcab3b6-d6ca-4974-a4e2-7d2c1cc6d029: TaskFinished(7,473,Some(AttributeKey[scala.collection.immutable.Map[org.apache.ivy.core.module.id.ModuleRevisionId,org.apache.ivy.core.module.descriptor.ModuleDescriptor]]("projectDescriptors") in Scope(Build: file:/Users/Ger/Documents/Ger%20Repos/biciapp/, , Project: ProjectReference(file:/Users/Ger/Documents/Ger%20Repos/biciapp/,root))),true,None)
Sending msg to client play-fork-run-fdcab3b6-d6ca-4974-a4e2-7d2c1cc6d029: TaskStarted(7,472,Some(AttributeKey[sbt.Resolver]("projectResolver") in Scope(Build: file:/Users/Ger/Documents/Ger%20Repos/biciapp/, , Project: ProjectReference(file:/Users/Ger/Documents/Ger%20Repos/biciapp/,root))))
Sending msg to client play-fork-run-fdcab3b6-d6ca-4974-a4e2-7d2c1cc6d029: TaskFinished(7,479,Some(AttributeKey[sbt.ModuleSettings]("moduleSettings") in Scope(Build: file:/Users/Ger/Documents/Ger%20Repos/biciapp/, , Project: ProjectReference(file:/Users/Ger/Documents/Ger%20Repos/biciapp/,root))),true,None)
Sending msg to client play-fork-run-fdcab3b6-d6ca-4974-a4e2-7d2c1cc6d029: TaskFinished(7,522,None,true,None)
Sending msg to client play-fork-run-fdcab3b6-d6ca-4974-a4e2-7d2c1cc6d029: TaskFinished(7,513,None,true,None)
Sending msg to client play-fork-run-fdcab3b6-d6ca-4974-a4e2-7d2c1cc6d029: TaskStarted(7,509,Some(AttributeKey[scala.collection.Seq[sbt.Attributed[java.io.File]]]("unmanagedJars") in Scope(Build: file:/Users/Ger/Documents/Ger%20Repos/biciapp/, , Project: ProjectReference(file:/Users/Ger/Documents/Ger%20Repos/biciapp/,root), Config: compile)))
Sending msg to client play-fork-run-fdcab3b6-d6ca-4974-a4e2-7d2c1cc6d029: TaskFinished(7,472,Some(AttributeKey[sbt.Resolver]("projectResolver") in Scope(Build: file:/Users/Ger/Documents/Ger%20Repos/biciapp/, , Project: ProjectReference(file:/Users/Ger/Documents/Ger%20Repos/biciapp/,root))),true,None)
Sending msg to client play-fork-run-fdcab3b6-d6ca-4974-a4e2-7d2c1cc6d029: TaskStarted(7,470,Some(AttributeKey[scala.collection.Seq[sbt.Resolver]]("fullResolvers") in Scope(Build: file:/Users/Ger/Documents/Ger%20Repos/biciapp/, , Project: ProjectReference(file:/Users/Ger/Documents/Ger%20Repos/biciapp/,root))))
Sending msg to client play-fork-run-fdcab3b6-d6ca-4974-a4e2-7d2c1cc6d029: TaskFinished(7,509,Some(AttributeKey[scala.collection.Seq[sbt.Attributed[java.io.File]]]("unmanagedJars") in Scope(Build: file:/Users/Ger/Documents/Ger%20Repos/biciapp/, , Project: ProjectReference(file:/Users/Ger/Documents/Ger%20Repos/biciapp/,root), Config: compile)),true,None)
Sending msg to client play-fork-run-fdcab3b6-d6ca-4974-a4e2-7d2c1cc6d029: TaskStarted(7,508,None)
Sending msg to client play-fork-run-fdcab3b6-d6ca-4974-a4e2-7d2c1cc6d029: TaskFinished(7,470,Some(AttributeKey[scala.collection.Seq[sbt.Resolver]]("fullResolvers") in Scope(Build: file:/Users/Ger/Documents/Ger%20Repos/biciapp/, , Project: ProjectReference(file:/Users/Ger/Documents/Ger%20Repos/biciapp/,root))),true,None)
Sending msg to client play-fork-run-fdcab3b6-d6ca-4974-a4e2-7d2c1cc6d029: TaskStarted(7,469,Some(AttributeKey[sbt.IvyConfiguration]("ivyConfiguration") in Scope(Build: file:/Users/Ger/Documents/Ger%20Repos/biciapp/, , Project: ProjectReference(file:/Users/Ger/Documents/Ger%20Repos/biciapp/,root))))
Sending msg to client play-fork-run-fdcab3b6-d6ca-4974-a4e2-7d2c1cc6d029: TaskFinished(7,508,None,true,None)
Sending msg to client play-fork-run-fdcab3b6-d6ca-4974-a4e2-7d2c1cc6d029: TaskStarted(7,507,None)
Sending msg to client play-fork-run-fdcab3b6-d6ca-4974-a4e2-7d2c1cc6d029: TaskFinished(7,469,Some(AttributeKey[sbt.IvyConfiguration]("ivyConfiguration") in Scope(Build: file:/Users/Ger/Documents/Ger%20Repos/biciapp/, , Project: ProjectReference(file:/Users/Ger/Documents/Ger%20Repos/biciapp/,root))),true,None)
Sending msg to client play-fork-run-fdcab3b6-d6ca-4974-a4e2-7d2c1cc6d029: TaskStarted(7,468,Some(AttributeKey[sbt.IvySbt]("ivySbt") in Scope(Build: file:/Users/Ger/Documents/Ger%20Repos/biciapp/, , Project: ProjectReference(file:/Users/Ger/Documents/Ger%20Repos/biciapp/,root))))
Sending msg to client play-fork-run-fdcab3b6-d6ca-4974-a4e2-7d2c1cc6d029: TaskFinished(7,507,None,true,None)
Sending msg to client play-fork-run-fdcab3b6-d6ca-4974-a4e2-7d2c1cc6d029: TaskFinished(7,455,None,true,None)
Sending msg to client play-fork-run-fdcab3b6-d6ca-4974-a4e2-7d2c1cc6d029: TaskStarted(7,454,Some(AttributeKey[scala.collection.Seq[sbt.Attributed[java.io.File]]]("unmanagedClasspath") in Scope(Build: file:/Users/Ger/Documents/Ger%20Repos/biciapp/, , Project: ProjectReference(file:/Users/Ger/Documents/Ger%20Repos/biciapp/,root), Config: runtime)))
Sending msg to client play-fork-run-fdcab3b6-d6ca-4974-a4e2-7d2c1cc6d029: TaskFinished(7,468,Some(AttributeKey[sbt.IvySbt]("ivySbt") in Scope(Build: file:/Users/Ger/Documents/Ger%20Repos/biciapp/, , Project: ProjectReference(file:/Users/Ger/Documents/Ger%20Repos/biciapp/,root))),true,None)
Sending msg to client play-fork-run-fdcab3b6-d6ca-4974-a4e2-7d2c1cc6d029: TaskStarted(7,467,Some(AttributeKey[sbt.IvySbt$Module]("ivyModule") in Scope(Build: file:/Users/Ger/Documents/Ger%20Repos/biciapp/, , Project: ProjectReference(file:/Users/Ger/Documents/Ger%20Repos/biciapp/,root))))
Sending msg to client play-fork-run-fdcab3b6-d6ca-4974-a4e2-7d2c1cc6d029: TaskFinished(7,467,Some(AttributeKey[sbt.IvySbt$Module]("ivyModule") in Scope(Build: file:/Users/Ger/Documents/Ger%20Repos/biciapp/, , Project: ProjectReference(file:/Users/Ger/Documents/Ger%20Repos/biciapp/,root))),true,None)
Sending msg to client play-fork-run-fdcab3b6-d6ca-4974-a4e2-7d2c1cc6d029: TaskStarted(7,465,Some(AttributeKey[sbt.UpdateReport]("update") in Scope(Build: file:/Users/Ger/Documents/Ger%20Repos/biciapp/, , Project: ProjectReference(file:/Users/Ger/Documents/Ger%20Repos/biciapp/,root))))
Sending msg to client play-fork-run-fdcab3b6-d6ca-4974-a4e2-7d2c1cc6d029: TaskFinished(7,454,Some(AttributeKey[scala.collection.Seq[sbt.Attributed[java.io.File]]]("unmanagedClasspath") in Scope(Build: file:/Users/Ger/Documents/Ger%20Repos/biciapp/, , Project: ProjectReference(file:/Users/Ger/Documents/Ger%20Repos/biciapp/,root), Config: runtime)),true,None)
Sending msg to client play-fork-run-fdcab3b6-d6ca-4974-a4e2-7d2c1cc6d029: TaskFinished(7,465,Some(AttributeKey[sbt.UpdateReport]("update") in Scope(Build: file:/Users/Ger/Documents/Ger%20Repos/biciapp/, , Project: ProjectReference(file:/Users/Ger/Documents/Ger%20Repos/biciapp/,root))),true,None)
Sending msg to client play-fork-run-fdcab3b6-d6ca-4974-a4e2-7d2c1cc6d029: TaskStarted(7,463,Some(AttributeKey[sbt.UpdateReport]("update") in Scope(Build: file:/Users/Ger/Documents/Ger%20Repos/biciapp/, , Project: ProjectReference(file:/Users/Ger/Documents/Ger%20Repos/biciapp/,root))))
Sending msg to client play-fork-run-fdcab3b6-d6ca-4974-a4e2-7d2c1cc6d029: TaskFinished(7,463,Some(AttributeKey[sbt.UpdateReport]("update") in Scope(Build: file:/Users/Ger/Documents/Ger%20Repos/biciapp/, , Project: ProjectReference(file:/Users/Ger/Documents/Ger%20Repos/biciapp/,root))),true,None)
Sending msg to client play-fork-run-fdcab3b6-d6ca-4974-a4e2-7d2c1cc6d029: TaskStarted(7,495,Some(AttributeKey[sbt.Configuration]("classpathConfiguration") in Scope(Build: file:/Users/Ger/Documents/Ger%20Repos/biciapp/, , Project: ProjectReference(file:/Users/Ger/Documents/Ger%20Repos/biciapp/,root), Config: compile)))
Sending msg to client play-fork-run-fdcab3b6-d6ca-4974-a4e2-7d2c1cc6d029: TaskStarted(7,503,Some(AttributeKey[scala.collection.Seq[sbt.Attributed[java.io.File]]]("managedClasspath") in Scope(Build: file:/Users/Ger/Documents/Ger%20Repos/biciapp/, , Project: ProjectReference(file:/Users/Ger/Documents/Ger%20Repos/biciapp/,root), Config: docs)))
Sending msg to client play-fork-run-fdcab3b6-d6ca-4974-a4e2-7d2c1cc6d029: TaskFinished(7,495,Some(AttributeKey[sbt.Configuration]("classpathConfiguration") in Scope(Build: file:/Users/Ger/Documents/Ger%20Repos/biciapp/, , Project: ProjectReference(file:/Users/Ger/Documents/Ger%20Repos/biciapp/,root), Config: compile)),true,None)
Sending msg to client play-fork-run-fdcab3b6-d6ca-4974-a4e2-7d2c1cc6d029: TaskStarted(7,494,None)
Sending msg to client play-fork-run-fdcab3b6-d6ca-4974-a4e2-7d2c1cc6d029: TaskFinished(7,503,Some(AttributeKey[scala.collection.Seq[sbt.Attributed[java.io.File]]]("managedClasspath") in Scope(Build: file:/Users/Ger/Documents/Ger%20Repos/biciapp/, , Project: ProjectReference(file:/Users/Ger/Documents/Ger%20Repos/biciapp/,root), Config: docs)),true,None)
Sending msg to client play-fork-run-fdcab3b6-d6ca-4974-a4e2-7d2c1cc6d029: TaskStarted(7,502,Some(AttributeKey[scala.Option[java.io.File]]("playDocsJar") in Scope(Build: file:/Users/Ger/Documents/Ger%20Repos/biciapp/, , Project: ProjectReference(file:/Users/Ger/Documents/Ger%20Repos/biciapp/,root))))
Sending msg to client play-fork-run-fdcab3b6-d6ca-4974-a4e2-7d2c1cc6d029: TaskFinished(7,494,None,true,None)
Sending msg to client play-fork-run-fdcab3b6-d6ca-4974-a4e2-7d2c1cc6d029: TaskStarted(7,493,Some(AttributeKey[sbt.Configuration]("classpathConfiguration") in Scope(Build: file:/Users/Ger/Documents/Ger%20Repos/biciapp/, , Project: ProjectReference(file:/Users/Ger/Documents/Ger%20Repos/biciapp/,root), Config: runtime)))
Sending msg to client play-fork-run-fdcab3b6-d6ca-4974-a4e2-7d2c1cc6d029: TaskFinished(7,502,Some(AttributeKey[scala.Option[java.io.File]]("playDocsJar") in Scope(Build: file:/Users/Ger/Documents/Ger%20Repos/biciapp/, , Project: ProjectReference(file:/Users/Ger/Documents/Ger%20Repos/biciapp/,root))),true,None)
Sending msg to client play-fork-run-fdcab3b6-d6ca-4974-a4e2-7d2c1cc6d029: TaskFinished(7,493,Some(AttributeKey[sbt.Configuration]("classpathConfiguration") in Scope(Build: file:/Users/Ger/Documents/Ger%20Repos/biciapp/, , Project: ProjectReference(file:/Users/Ger/Documents/Ger%20Repos/biciapp/,root), Config: runtime)),true,None)
Sending msg to client play-fork-run-fdcab3b6-d6ca-4974-a4e2-7d2c1cc6d029: TaskStarted(7,462,None)
Sending msg to client play-fork-run-fdcab3b6-d6ca-4974-a4e2-7d2c1cc6d029: TaskFinished(7,462,None,true,None)
Sending msg to client play-fork-run-fdcab3b6-d6ca-4974-a4e2-7d2c1cc6d029: TaskStarted(7,461,Some(AttributeKey[scala.collection.Seq[sbt.Attributed[java.io.File]]]("managedClasspath") in Scope(Build: file:/Users/Ger/Documents/Ger%20Repos/biciapp/, , Project: ProjectReference(file:/Users/Ger/Documents/Ger%20Repos/biciapp/,root), Config: runtime)))
Sending msg to client play-fork-run-fdcab3b6-d6ca-4974-a4e2-7d2c1cc6d029: TaskFinished(7,461,Some(AttributeKey[scala.collection.Seq[sbt.Attributed[java.io.File]]]("managedClasspath") in Scope(Build: file:/Users/Ger/Documents/Ger%20Repos/biciapp/, , Project: ProjectReference(file:/Users/Ger/Documents/Ger%20Repos/biciapp/,root), Config: runtime)),true,None)
Sending msg to client play-fork-run-fdcab3b6-d6ca-4974-a4e2-7d2c1cc6d029: TaskStarted(7,453,None)
Sending msg to client play-fork-run-fdcab3b6-d6ca-4974-a4e2-7d2c1cc6d029: TaskFinished(7,453,None,true,None)
Sending msg to client play-fork-run-fdcab3b6-d6ca-4974-a4e2-7d2c1cc6d029: TaskStarted(7,452,Some(AttributeKey[scala.collection.Seq[sbt.Attributed[java.io.File]]]("playDependencyClasspath") in Scope(Build: file:/Users/Ger/Documents/Ger%20Repos/biciapp/, , Project: ProjectReference(file:/Users/Ger/Documents/Ger%20Repos/biciapp/,root))))
Sending msg to client play-fork-run-fdcab3b6-d6ca-4974-a4e2-7d2c1cc6d029: TaskFinished(7,452,Some(AttributeKey[scala.collection.Seq[sbt.Attributed[java.io.File]]]("playDependencyClasspath") in Scope(Build: file:/Users/Ger/Documents/Ger%20Repos/biciapp/, , Project: ProjectReference(file:/Users/Ger/Documents/Ger%20Repos/biciapp/,root))),true,None)
Sending msg to client play-fork-run-fdcab3b6-d6ca-4974-a4e2-7d2c1cc6d029: TaskStarted(7,451,Some(AttributeKey[play.forkrun.protocol.ForkConfig]("playForkConfig") in Scope(Build: file:/Users/Ger/Documents/Ger%20Repos/biciapp/, , Project: ProjectReference(file:/Users/Ger/Documents/Ger%20Repos/biciapp/,root))))
Sending msg to client play-fork-run-fdcab3b6-d6ca-4974-a4e2-7d2c1cc6d029: TaskFinished(7,451,Some(AttributeKey[play.forkrun.protocol.ForkConfig]("playForkConfig") in Scope(Build: file:/Users/Ger/Documents/Ger%20Repos/biciapp/, , Project: ProjectReference(file:/Users/Ger/Documents/Ger%20Repos/biciapp/,root))),true,None)
Sending msg to client play-fork-run-fdcab3b6-d6ca-4974-a4e2-7d2c1cc6d029: ValueChanged(AttributeKey[play.forkrun.protocol.ForkConfig]("playForkConfig") in Scope(Build: file:/Users/Ger/Documents/Ger%20Repos/biciapp/, , Project: ProjectReference(file:/Users/Ger/Documents/Ger%20Repos/biciapp/,root)),TaskSuccess(BuildValue(LazyValue(ForkConfig(/Users/Ger/Documents/Ger Repos/biciapp,List(),List(/Users/Ger/.ivy2/cache/org.scala-lang/scala-compiler/jars/scala-compiler-2.11.6.jar, /Users/Ger/.ivy2/cache/org.scala-lang/scala-library/jars/scala-library-2.11.6.jar, /Users/Ger/.ivy2/cache/org.scala-lang/scala-reflect/jars/scala-reflect-2.11.6.jar, /Users/Ger/.ivy2/cache/org.scala-lang.modules/scala-xml_2.11/bundles/scala-xml_2.11-1.0.3.jar, /Users/Ger/.ivy2/cache/org.scala-lang.modules/scala-parser-combinators_2.11/bundles/scala-parser-combinators_2.11-1.0.3.jar, /Users/Ger/.ivy2/cache/com.typesafe.play/twirl-api_2.11/jars/twirl-api_2.11-1.1.1.jar, /Users/Ger/.ivy2/cache/org.apache.commons/commons-lang3/jars/commons-lang3-3.4.jar, /Users/Ger/.ivy2/cache/com.typesafe.play/play-enhancer/jars/play-enhancer-1.1.0.jar, /Users/Ger/.ivy2/cache/com.typesafe.play/play-server_2.11/jars/play-server_2.11-2.4.3.jar, /Users/Ger/.ivy2/cache/com.typesafe.play/play_2.11/jars/play_2.11-2.4.3.jar, /Users/Ger/.ivy2/cache/com.typesafe.play/build-link/jars/build-link-2.4.3.jar, /Users/Ger/.ivy2/cache/com.typesafe.play/play-exceptions/jars/play-exceptions-2.4.3.jar, /Users/Ger/.ivy2/cache/org.javassist/javassist/bundles/javassist-3.19.0-GA.jar, /Users/Ger/.ivy2/cache/com.typesafe.play/play-iteratees_2.11/jars/play-iteratees_2.11-2.4.3.jar, /Users/Ger/.ivy2/cache/org.scala-stm/scala-stm_2.11/jars/scala-stm_2.11-0.7.jar, /Users/Ger/.ivy2/cache/com.typesafe/config/bundles/config-1.3.0.jar, /Users/Ger/.ivy2/cache/com.typesafe.play/play-json_2.11/jars/play-json_2.11-2.4.3.jar, /Users/Ger/.ivy2/cache/com.typesafe.play/play-functional_2.11/jars/play-functional_2.11-2.4.3.jar, /Users/Ger/.ivy2/cache/com.typesafe.play/play-datacommons_2.11/jars/play-datacommons_2.11-2.4.3.jar, /Users/Ger/.ivy2/cache/joda-time/joda-time/jars/joda-time-2.8.1.jar, /Users/Ger/.ivy2/cache/org.joda/joda-convert/jars/joda-convert-1.7.jar, /Users/Ger/.ivy2/cache/com.fasterxml.jackson.core/jackson-core/bundles/jackson-core-2.5.4.jar, /Users/Ger/.ivy2/cache/com.fasterxml.jackson.core/jackson-annotations/bundles/jackson-annotations-2.5.4.jar, /Users/Ger/.ivy2/cache/com.fasterxml.jackson.core/jackson-databind/bundles/jackson-databind-2.5.4.jar, /Users/Ger/.ivy2/cache/com.fasterxml.jackson.datatype/jackson-datatype-jdk8/bundles/jackson-datatype-jdk8-2.5.4.jar, /Users/Ger/.ivy2/cache/com.fasterxml.jackson.datatype/jackson-datatype-jsr310/bundles/jackson-datatype-jsr310-2.5.4.jar, /Users/Ger/.ivy2/cache/com.typesafe.play/play-netty-utils/jars/play-netty-utils-2.4.3.jar, /Users/Ger/.ivy2/cache/org.slf4j/slf4j-api/jars/slf4j-api-1.7.12.jar, /Users/Ger/.ivy2/cache/org.slf4j/jul-to-slf4j/jars/jul-to-slf4j-1.7.12.jar, /Users/Ger/.ivy2/cache/org.slf4j/jcl-over-slf4j/jars/jcl-over-slf4j-1.7.12.jar, /Users/Ger/.ivy2/cache/ch.qos.logback/logback-core/jars/logback-core-1.1.3.jar, /Users/Ger/.ivy2/cache/ch.qos.logback/logback-classic/jars/logback-classic-1.1.3.jar, /Users/Ger/.ivy2/cache/com.typesafe.akka/akka-actor_2.11/jars/akka-actor_2.11-2.3.13.jar, /Users/Ger/.ivy2/cache/com.typesafe.akka/akka-slf4j_2.11/jars/akka-slf4j_2.11-2.3.13.jar, /Users/Ger/.ivy2/cache/commons-codec/commons-codec/jars/commons-codec-1.10.jar, /Users/Ger/.ivy2/cache/xerces/xercesImpl/jars/xercesImpl-2.11.0.jar, /Users/Ger/.ivy2/cache/xml-apis/xml-apis/jars/xml-apis-1.4.01.jar, /Users/Ger/.ivy2/cache/javax.transaction/jta/jars/jta-1.1.jar, /Users/Ger/.ivy2/cache/com.google.inject/guice/jars/guice-4.0.jar, /Users/Ger/.ivy2/cache/javax.inject/javax.inject/jars/javax.inject-1.jar, /Users/Ger/.ivy2/cache/aopalliance/aopalliance/jars/aopalliance-1.0.jar, /Users/Ger/.ivy2/cache/com.google.inject.extensions/guice-assistedinject/jars/guice-assistedinject-4.0.jar, /Users/Ger/.ivy2/cache/com.typesafe.play/play-java_2.11/jars/play-java_2.11-2.4.3.jar, /Users/Ger/.ivy2/cache/org.scala-lang.modules/scala-java8-compat_2.11/bundles/scala-java8-compat_2.11-0.3.0.jar, /Users/Ger/.ivy2/cache/org.yaml/snakeyaml/bundles/snakeyaml-1.15.jar, /Users/Ger/.ivy2/cache/org.hibernate/hibernate-validator/jars/hibernate-validator-5.0.3.Final.jar, /Users/Ger/.ivy2/cache/javax.validation/validation-api/jars/validation-api-1.1.0.Final.jar, /Users/Ger/.ivy2/cache/com.fasterxml/classmate/bundles/classmate-1.0.0.jar, /Users/Ger/.ivy2/cache/org.jboss.logging/jboss-logging/jars/jboss-logging-3.2.1.Final.jar, /Users/Ger/.ivy2/cache/org.springframework/spring-context/jars/spring-context-4.1.6.RELEASE.jar, /Users/Ger/.ivy2/cache/org.springframework/spring-core/jars/spring-core-4.1.6.RELEASE.jar, /Users/Ger/.ivy2/cache/org.springframework/spring-beans/jars/spring-beans-4.1.6.RELEASE.jar, /Users/Ger/.ivy2/cache/org.reflections/reflections/jars/reflections-0.9.9.jar, /Users/Ger/.ivy2/cache/com.google.guava/guava/bundles/guava-18.0.jar, /Users/Ger/.ivy2/cache/com.google.code.findbugs/annotations/jars/annotations-2.0.1.jar, /Users/Ger/.ivy2/cache/net.jodah/typetools/bundles/typetools-0.4.1.jar, /Users/Ger/.ivy2/cache/com.google.code.findbugs/jsr305/jars/jsr305-2.0.3.jar, /Users/Ger/.ivy2/cache/org.apache.tomcat/tomcat-servlet-api/jars/tomcat-servlet-api-8.0.21.jar, /Users/Ger/.ivy2/cache/com.typesafe.play/play-netty-server_2.11/jars/play-netty-server_2.11-2.4.3.jar, /Users/Ger/.ivy2/cache/io.netty/netty/bundles/netty-3.10.4.Final.jar, /Users/Ger/.ivy2/cache/com.typesafe.netty/netty-http-pipelining/jars/netty-http-pipelining-1.1.4.jar, /Users/Ger/.ivy2/cache/com.typesafe.play/play-java-jdbc_2.11/jars/play-java-jdbc_2.11-2.4.3.jar, /Users/Ger/.ivy2/cache/com.typesafe.play/play-jdbc_2.11/jars/play-jdbc_2.11-2.4.3.jar, /Users/Ger/.ivy2/cache/com.typesafe.play/play-jdbc-api_2.11/jars/play-jdbc-api_2.11-2.4.3.jar, /Users/Ger/.ivy2/cache/com.jolbox/bonecp/bundles/bonecp-0.8.0.RELEASE.jar, /Users/Ger/.ivy2/cache/com.zaxxer/HikariCP/bundles/HikariCP-2.3.7.jar, /Users/Ger/.ivy2/cache/com.h2database/h2/jars/h2-1.4.187.jar, /Users/Ger/.ivy2/cache/tyrex/tyrex/jars/tyrex-1.0.1.jar, /Users/Ger/.ivy2/cache/com.typesafe.play/play-cache_2.11/jars/play-cache_2.11-2.4.3.jar, /Users/Ger/.ivy2/cache/net.sf.ehcache/ehcache-core/jars/ehcache-core-2.6.11.jar, /Users/Ger/.ivy2/cache/com.typesafe.play/play-java-ws_2.11/jars/play-java-ws_2.11-2.4.3.jar, /Users/Ger/.ivy2/cache/com.typesafe.play/play-ws_2.11/jars/play-ws_2.11-2.4.3.jar, /Users/Ger/.ivy2/cache/com.ning/async-http-client/jars/async-http-client-1.9.21.jar, /Users/Ger/.ivy2/cache/oauth.signpost/signpost-core/jars/signpost-core-1.2.1.2.jar, /Users/Ger/.ivy2/cache/oauth.signpost/signpost-commonshttp4/jars/signpost-commonshttp4-1.2.1.2.jar, /Users/Ger/.ivy2/cache/org.apache.httpcomponents/httpcore/jars/httpcore-4.0.1.jar, /Users/Ger/.ivy2/cache/org.apache.httpcomponents/httpclient/jars/httpclient-4.0.1.jar, /Users/Ger/.ivy2/cache/commons-logging/commons-logging/jars/commons-logging-1.1.1.jar, /Users/Ger/.ivy2/cache/org.jongo/jongo/jars/jongo-1.2.jar, /Users/Ger/.ivy2/cache/de.undercouch/bson4jackson/jars/bson4jackson-2.4.0.jar, /Users/Ger/.ivy2/cache/org.mongodb/mongo-java-driver/jars/mongo-java-driver-3.0.4.jar),List((public/,/Users/Ger/Documents/Ger Repos/biciapp/target/web/public/main)),List(/Users/Ger/.ivy2/cache/com.typesafe.play/play-omnidoc_2.11/jars/play-omnidoc_2.11-2.4.3.jar, /Users/Ger/.ivy2/cache/org.scala-lang/scala-library/jars/scala-library-2.11.6.jar, /Users/Ger/.ivy2/cache/com.typesafe.play/play-docs_2.11/jars/play-docs_2.11-2.4.3.jar, /Users/Ger/.ivy2/cache/com.typesafe.play/play-netty-server_2.11/jars/play-netty-server_2.11-2.4.3.jar, /Users/Ger/.ivy2/cache/com.typesafe.play/play-server_2.11/jars/play-server_2.11-2.4.3.jar, /Users/Ger/.ivy2/cache/com.typesafe.play/play_2.11/jars/play_2.11-2.4.3.jar, /Users/Ger/.ivy2/cache/com.typesafe.play/build-link/jars/build-link-2.4.3.jar, /Users/Ger/.ivy2/cache/com.typesafe.play/play-exceptions/jars/play-exceptions-2.4.3.jar, /Users/Ger/.ivy2/cache/org.javassist/javassist/bundles/javassist-3.19.0-GA.jar, /Users/Ger/.ivy2/cache/com.typesafe.play/play-iteratees_2.11/jars/play-iteratees_2.11-2.4.3.jar, /Users/Ger/.ivy2/cache/org.scala-stm/scala-stm_2.11/jars/scala-stm_2.11-0.7.jar, /Users/Ger/.ivy2/cache/com.typesafe/config/bundles/config-1.3.0.jar, /Users/Ger/.ivy2/cache/com.typesafe.play/play-json_2.11/jars/play-json_2.11-2.4.3.jar, /Users/Ger/.ivy2/cache/com.typesafe.play/play-functional_2.11/jars/play-functional_2.11-2.4.3.jar, /Users/Ger/.ivy2/cache/com.typesafe.play/play-datacommons_2.11/jars/play-datacommons_2.11-2.4.3.jar, /Users/Ger/.ivy2/cache/joda-time/joda-time/jars/joda-time-2.8.1.jar, /Users/Ger/.ivy2/cache/org.joda/joda-convert/jars/joda-convert-1.7.jar, /Users/Ger/.ivy2/cache/org.scala-lang/scala-reflect/jars/scala-reflect-2.11.6.jar, /Users/Ger/.ivy2/cache/com.fasterxml.jackson.core/jackson-core/bundles/jackson-core-2.5.4.jar, /Users/Ger/.ivy2/cache/com.fasterxml.jackson.core/jackson-annotations/bundles/jackson-annotations-2.5.4.jar, /Users/Ger/.ivy2/cache/com.fasterxml.jackson.core/jackson-databind/bundles/jackson-databind-2.5.4.jar, /Users/Ger/.ivy2/cache/com.fasterxml.jackson.datatype/jackson-datatype-jdk8/bundles/jackson-datatype-jdk8-2.5.4.jar, /Users/Ger/.ivy2/cache/com.fasterxml.jackson.datatype/jackson-datatype-jsr310/bundles/jackson-datatype-jsr310-2.5.4.jar, /Users/Ger/.ivy2/cache/com.typesafe.play/play-netty-utils/jars/play-netty-utils-2.4.3.jar, /Users/Ger/.ivy2/cache/org.slf4j/slf4j-api/jars/slf4j-api-1.7.12.jar, /Users/Ger/.ivy2/cache/org.slf4j/jul-to-slf4j/jars/jul-to-slf4j-1.7.12.jar, /Users/Ger/.ivy2/cache/org.slf4j/jcl-over-slf4j/jars/jcl-over-slf4j-1.7.12.jar, /Users/Ger/.ivy2/cache/com.typesafe.play/twirl-api_2.11/jars/twirl-api_2.11-1.1.1.jar, /Users/Ger/.ivy2/cache/org.apache.commons/commons-lang3/jars/commons-lang3-3.4.jar, /Users/Ger/.ivy2/cache/org.scala-lang.modules/scala-xml_2.11/bundles/scala-xml_2.11-1.0.1.jar, /Users/Ger/.ivy2/cache/org.scala-lang.modules/scala-parser-combinators_2.11/bundles/scala-parser-combinators_2.11-1.0.1.jar, /Users/Ger/.ivy2/cache/ch.qos.logback/logback-core/jars/logback-core-1.1.3.jar, /Users/Ger/.ivy2/cache/ch.qos.logback/logback-classic/jars/logback-classic-1.1.3.jar, /Users/Ger/.ivy2/cache/com.typesafe.akka/akka-actor_2.11/jars/akka-actor_2.11-2.3.13.jar, /Users/Ger/.ivy2/cache/com.typesafe.akka/akka-slf4j_2.11/jars/akka-slf4j_2.11-2.3.13.jar, /Users/Ger/.ivy2/cache/commons-codec/commons-codec/jars/commons-codec-1.10.jar, /Users/Ger/.ivy2/cache/xerces/xercesImpl/jars/xercesImpl-2.11.0.jar, /Users/Ger/.ivy2/cache/xml-apis/xml-apis/jars/xml-apis-1.4.01.jar, /Users/Ger/.ivy2/cache/javax.transaction/jta/jars/jta-1.1.jar, /Users/Ger/.ivy2/cache/com.google.inject/guice/jars/guice-4.0.jar, /Users/Ger/.ivy2/cache/javax.inject/javax.inject/jars/javax.inject-1.jar, /Users/Ger/.ivy2/cache/aopalliance/aopalliance/jars/aopalliance-1.0.jar, /Users/Ger/.ivy2/cache/com.google.guava/guava/bundles/guava-16.0.1.jar, /Users/Ger/.ivy2/cache/com.google.inject.extensions/guice-assistedinject/jars/guice-assistedinject-4.0.jar, /Users/Ger/.ivy2/cache/io.netty/netty/bundles/netty-3.10.4.Final.jar, /Users/Ger/.ivy2/cache/com.typesafe.netty/netty-http-pipelining/jars/netty-http-pipelining-1.1.4.jar, /Users/Ger/.ivy2/cache/com.typesafe.play/play-doc_2.11/jars/play-doc_2.11-1.2.2.jar, /Users/Ger/.ivy2/cache/org.pegdown/pegdown/jars/pegdown-1.4.0.jar, /Users/Ger/.ivy2/cache/org.parboiled/parboiled-java/bundles/parboiled-java-1.1.5.jar, /Users/Ger/.ivy2/cache/org.parboiled/parboiled-core/bundles/parboiled-core-1.1.5.jar, /Users/Ger/.ivy2/cache/org.ow2.asm/asm/jars/asm-4.1.jar, /Users/Ger/.ivy2/cache/org.ow2.asm/asm-tree/jars/asm-tree-4.1.jar, /Users/Ger/.ivy2/cache/org.ow2.asm/asm-analysis/jars/asm-analysis-4.1.jar, /Users/Ger/.ivy2/cache/org.ow2.asm/asm-util/jars/asm-util-4.1.jar, /Users/Ger/.ivy2/cache/commons-io/commons-io/jars/commons-io-2.4.jar),Some(/Users/Ger/.ivy2/cache/com.typesafe.play/play-omnidoc_2.11/jars/play-omnidoc_2.11-2.4.3.jar),List(),9000,0.0.0.0,DefaultWatchService,List(/Users/Ger/Documents/Ger Repos/biciapp/public, /Users/Ger/Documents/Ger Repos/biciapp/conf, /Users/Ger/Documents/Ger Repos/biciapp/app),/Users/Ger/Documents/Ger Repos/biciapp/target,500,root/playForkNotifyStart,root/playForkReload,300000,play.core.server.DevServerStart),scala.pickling.PicklerUnpickler$DelegatingPicklerUnpickler@323b2be4),ForkConfig(/Users/Ger/Documents/Ger Repos/biciapp,List(),List(/Users/Ger/.ivy2/cache/org.scala-lang/scala-compiler/jars/scala-compiler-2.11.6.jar, /Users/Ger/.ivy2/cache/org.scala-lang/scala-library/jars/scala-library-2.11.6.jar, /Users/Ger/.ivy2/cache/org.scala-lang/scala-reflect/jars/scala-reflect-2.11.6.jar, /Users/Ger/.ivy2/cache/org.scala-lang.modules/scala-xml_2.11/bundles/scala-xml_2.11-1.0.3.jar, /Users/Ger/.ivy2/cache/org.scala-lang.modules/scala-parser-combinators_2.11/bundles/scala-parser-combinators_2.11-1.0.3.jar, /Users/Ger/.ivy2/cache/com.typesafe.play/twirl-api_2.11/jars/twirl-api_2.11-1.1.1.jar, /Users/Ger/.ivy2/cache/org.apache.commons/commons-lang3/jars/commons-lang3-3.4.jar, /Users/Ger/.ivy2/cache/com.typesafe.play/play-enhancer/jars/play-enhancer-1.1.0.jar, /Users/Ger/.ivy2/cache/com.typesafe.play/play-server_2.11/jars/play-server_2.11-2.4.3.jar, /Users/Ger/.ivy2/cache/com.typesafe.play/play_2.11/jars/play_2.11-2.4.3.jar, /Users/Ger/.ivy2/cache/com.typesafe.play/build-link/jars/build-link-2.4.3.jar, /Users/Ger/.ivy2/cache/com.typesafe.play/play-exceptions/jars/play-exceptions-2.4.3.jar, /Users/Ger/.ivy2/cache/org.javassist/javassist/bundles/javassist-3.19.0-GA.jar, /Users/Ger/.ivy2/cache/com.typesafe.play/play-iteratees_2.11/jars/play-iteratees_2.11-2.4.3.jar, /Users/Ger/.ivy2/cache/org.scala-stm/scala-stm_2.11/jars/scala-stm_2.11-0.7.jar, /Users/Ger/.ivy2/cache/com.typesafe/config/bundles/config-1.3.0.jar, /Users/Ger/.ivy2/cache/com.typesafe.play/play-json_2.11/jars/play-json_2.11-2.4.3.jar, /Users/Ger/.ivy2/cache/com.typesafe.play/play-functional_2.11/jars/play-functional_2.11-2.4.3.jar, /Users/Ger/.ivy2/cache/com.typesafe.play/play-datacommons_2.11/jars/play-datacommons_2.11-2.4.3.jar, /Users/Ger/.ivy2/cache/joda-time/joda-time/jars/joda-time-2.8.1.jar, /Users/Ger/.ivy2/cache/org.joda/joda-convert/jars/joda-convert-1.7.jar, /Users/Ger/.ivy2/cache/com.fasterxml.jackson.core/jackson-core/bundles/jackson-core-2.5.4.jar, /Users/Ger/.ivy2/cache/com.fasterxml.jackson.core/jackson-annotations/bundles/jackson-annotations-2.5.4.jar, /Users/Ger/.ivy2/cache/com.fasterxml.jackson.core/jackson-databind/bundles/jackson-databind-2.5.4.jar, /Users/Ger/.ivy2/cache/com.fasterxml.jackson.datatype/jackson-datatype-jdk8/bundles/jackson-datatype-jdk8-2.5.4.jar, /Users/Ger/.ivy2/cache/com.fasterxml.jackson.datatype/jackson-datatype-jsr310/bundles/jackson-datatype-jsr310-2.5.4.jar, /Users/Ger/.ivy2/cache/com.typesafe.play/play-netty-utils/jars/play-netty-utils-2.4.3.jar, /Users/Ger/.ivy2/cache/org.slf4j/slf4j-api/jars/slf4j-api-1.7.12.jar, /Users/Ger/.ivy2/cache/org.slf4j/jul-to-slf4j/jars/jul-to-slf4j-1.7.12.jar, /Users/Ger/.ivy2/cache/org.slf4j/jcl-over-slf4j/jars/jcl-over-slf4j-1.7.12.jar, /Users/Ger/.ivy2/cache/ch.qos.logback/logback-core/jars/logback-core-1.1.3.jar, /Users/Ger/.ivy2/cache/ch.qos.logback/logback-classic/jars/logback-classic-1.1.3.jar, /Users/Ger/.ivy2/cache/com.typesafe.akka/akka-actor_2.11/jars/akka-actor_2.11-2.3.13.jar, /Users/Ger/.ivy2/cache/com.typesafe.akka/akka-slf4j_2.11/jars/akka-slf4j_2.11-2.3.13.jar, /Users/Ger/.ivy2/cache/commons-codec/commons-codec/jars/commons-codec-1.10.jar, /Users/Ger/.ivy2/cache/xerces/xercesImpl/jars/xercesImpl-2.11.0.jar, /Users/Ger/.ivy2/cache/xml-apis/xml-apis/jars/xml-apis-1.4.01.jar, /Users/Ger/.ivy2/cache/javax.transaction/jta/jars/jta-1.1.jar, /Users/Ger/.ivy2/cache/com.google.inject/guice/jars/guice-4.0.jar, /Users/Ger/.ivy2/cache/javax.inject/javax.inject/jars/javax.inject-1.jar, /Users/Ger/.ivy2/cache/aopalliance/aopalliance/jars/aopalliance-1.0.jar, /Users/Ger/.ivy2/cache/com.google.inject.extensions/guice-assistedinject/jars/guice-assistedinject-4.0.jar, /Users/Ger/.ivy2/cache/com.typesafe.play/play-java_2.11/jars/play-java_2.11-2.4.3.jar, /Users/Ger/.ivy2/cache/org.scala-lang.modules/scala-java8-compat_2.11/bundles/scala-java8-compat_2.11-0.3.0.jar, /Users/Ger/.ivy2/cache/org.yaml/snakeyaml/bundles/snakeyaml-1.15.jar, /Users/Ger/.ivy2/cache/org.hibernate/hibernate-validator/jars/hibernate-validator-5.0.3.Final.jar, /Users/Ger/.ivy2/cache/javax.validation/validation-api/jars/validation-api-1.1.0.Final.jar, /Users/Ger/.ivy2/cache/com.fasterxml/classmate/bundles/classmate-1.0.0.jar, /Users/Ger/.ivy2/cache/org.jboss.logging/jboss-logging/jars/jboss-logging-3.2.1.Final.jar, /Users/Ger/.ivy2/cache/org.springframework/spring-context/jars/spring-context-4.1.6.RELEASE.jar, /Users/Ger/.ivy2/cache/org.springframework/spring-core/jars/spring-core-4.1.6.RELEASE.jar, /Users/Ger/.ivy2/cache/org.springframework/spring-beans/jars/spring-beans-4.1.6.RELEASE.jar, /Users/Ger/.ivy2/cache/org.reflections/reflections/jars/reflections-0.9.9.jar, /Users/Ger/.ivy2/cache/com.google.guava/guava/bundles/guava-18.0.jar, /Users/Ger/.ivy2/cache/com.google.code.findbugs/annotations/jars/annotations-2.0.1.jar, /Users/Ger/.ivy2/cache/net.jodah/typetools/bundles/typetools-0.4.1.jar, /Users/Ger/.ivy2/cache/com.google.code.findbugs/jsr305/jars/jsr305-2.0.3.jar, /Users/Ger/.ivy2/cache/org.apache.tomcat/tomcat-servlet-api/jars/tomcat-servlet-api-8.0.21.jar, /Users/Ger/.ivy2/cache/com.typesafe.play/play-netty-server_2.11/jars/play-netty-server_2.11-2.4.3.jar, /Users/Ger/.ivy2/cache/io.netty/netty/bundles/netty-3.10.4.Final.jar, /Users/Ger/.ivy2/cache/com.typesafe.netty/netty-http-pipelining/jars/netty-http-pipelining-1.1.4.jar, /Users/Ger/.ivy2/cache/com.typesafe.play/play-java-jdbc_2.11/jars/play-java-jdbc_2.11-2.4.3.jar, /Users/Ger/.ivy2/cache/com.typesafe.play/play-jdbc_2.11/jars/play-jdbc_2.11-2.4.3.jar, /Users/Ger/.ivy2/cache/com.typesafe.play/play-jdbc-api_2.11/jars/play-jdbc-api_2.11-2.4.3.jar, /Users/Ger/.ivy2/cache/com.jolbox/bonecp/bundles/bonecp-0.8.0.RELEASE.jar, /Users/Ger/.ivy2/cache/com.zaxxer/HikariCP/bundles/HikariCP-2.3.7.jar, /Users/Ger/.ivy2/cache/com.h2database/h2/jars/h2-1.4.187.jar, /Users/Ger/.ivy2/cache/tyrex/tyrex/jars/tyrex-1.0.1.jar, /Users/Ger/.ivy2/cache/com.typesafe.play/play-cache_2.11/jars/play-cache_2.11-2.4.3.jar, /Users/Ger/.ivy2/cache/net.sf.ehcache/ehcache-core/jars/ehcache-core-2.6.11.jar, /Users/Ger/.ivy2/cache/com.typesafe.play/play-java-ws_2.11/jars/play-java-ws_2.11-2.4.3.jar, /Users/Ger/.ivy2/cache/com.typesafe.play/play-ws_2.11/jars/play-ws_2.11-2.4.3.jar, /Users/Ger/.ivy2/cache/com.ning/async-http-client/jars/async-http-client-1.9.21.jar, /Users/Ger/.ivy2/cache/oauth.signpost/signpost-core/jars/signpost-core-1.2.1.2.jar, /Users/Ger/.ivy2/cache/oauth.signpost/signpost-commonshttp4/jars/signpost-commonshttp4-1.2.1.2.jar, /Users/Ger/.ivy2/cache/org.apache.httpcomponents/httpcore/jars/httpcore-4.0.1.jar, /Users/Ger/.ivy2/cache/org.apache.httpcomponents/httpclient/jars/httpclient-4.0.1.jar, /Users/Ger/.ivy2/cache/commons-logging/commons-logging/jars/commons-logging-1.1.1.jar, /Users/Ger/.ivy2/cache/org.jongo/jongo/jars/jongo-1.2.jar, /Users/Ger/.ivy2/cache/de.undercouch/bson4jackson/jars/bson4jackson-2.4.0.jar, /Users/Ger/.ivy2/cache/org.mongodb/mongo-java-driver/jars/mongo-java-driver-3.0.4.jar),List((public/,/Users/Ger/Documents/Ger Repos/biciapp/target/web/public/main)),List(/Users/Ger/.ivy2/cache/com.typesafe.play/play-omnidoc_2.11/jars/play-omnidoc_2.11-2.4.3.jar, /Users/Ger/.ivy2/cache/org.scala-lang/scala-library/jars/scala-library-2.11.6.jar, /Users/Ger/.ivy2/cache/com.typesafe.play/play-docs_2.11/jars/play-docs_2.11-2.4.3.jar, /Users/Ger/.ivy2/cache/com.typesafe.play/play-netty-server_2.11/jars/play-netty-server_2.11-2.4.3.jar, /Users/Ger/.ivy2/cache/com.typesafe.play/play-server_2.11/jars/play-server_2.11-2.4.3.jar, /Users/Ger/.ivy2/cache/com.typesafe.play/play_2.11/jars/play_2.11-2.4.3.jar, /Users/Ger/.ivy2/cache/com.typesafe.play/build-link/jars/build-link-2.4.3.jar, /Users/Ger/.ivy2/cache/com.typesafe.play/play-exceptions/jars/play-exceptions-2.4.3.jar, /Users/Ger/.ivy2/cache/org.javassist/javassist/bundles/javassist-3.19.0-GA.jar, /Users/Ger/.ivy2/cache/com.typesafe.play/play-iteratees_2.11/jars/play-iteratees_2.11-2.4.3.jar, /Users/Ger/.ivy2/cache/org.scala-stm/scala-stm_2.11/jars/scala-stm_2.11-0.7.jar, /Users/Ger/.ivy2/cache/com.typesafe/config/bundles/config-1.3.0.jar, /Users/Ger/.ivy2/cache/com.typesafe.play/play-json_2.11/jars/play-json_2.11-2.4.3.jar, /Users/Ger/.ivy2/cache/com.typesafe.play/play-functional_2.11/jars/play-functional_2.11-2.4.3.jar, /Users/Ger/.ivy2/cache/com.typesafe.play/play-datacommons_2.11/jars/play-datacommons_2.11-2.4.3.jar, /Users/Ger/.ivy2/cache/joda-time/joda-time/jars/joda-time-2.8.1.jar, /Users/Ger/.ivy2/cache/org.joda/joda-convert/jars/joda-convert-1.7.jar, /Users/Ger/.ivy2/cache/org.scala-lang/scala-reflect/jars/scala-reflect-2.11.6.jar, /Users/Ger/.ivy2/cache/com.fasterxml.jackson.core/jackson-core/bundles/jackson-core-2.5.4.jar, /Users/Ger/.ivy2/cache/com.fasterxml.jackson.core/jackson-annotations/bundles/jackson-annotations-2.5.4.jar, /Users/Ger/.ivy2/cache/com.fasterxml.jackson.core/jackson-databind/bundles/jackson-databind-2.5.4.jar, /Users/Ger/.ivy2/cache/com.fasterxml.jackson.datatype/jackson-datatype-jdk8/bundles/jackson-datatype-jdk8-2.5.4.jar, /Users/Ger/.ivy2/cache/com.fasterxml.jackson.datatype/jackson-datatype-jsr310/bundles/jackson-datatype-jsr310-2.5.4.jar, /Users/Ger/.ivy2/cache/com.typesafe.play/play-netty-utils/jars/play-netty-utils-2.4.3.jar, /Users/Ger/.ivy2/cache/org.slf4j/slf4j-api/jars/slf4j-api-1.7.12.jar, /Users/Ger/.ivy2/cache/org.slf4j/jul-to-slf4j/jars/jul-to-slf4j-1.7.12.jar, /Users/Ger/.ivy2/cache/org.slf4j/jcl-over-slf4j/jars/jcl-over-slf4j-1.7.12.jar, /Users/Ger/.ivy2/cache/com.typesafe.play/twirl-api_2.11/jars/twirl-api_2.11-1.1.1.jar, /Users/Ger/.ivy2/cache/org.apache.commons/commons-lang3/jars/commons-lang3-3.4.jar, /Users/Ger/.ivy2/cache/org.scala-lang.modules/scala-xml_2.11/bundles/scala-xml_2.11-1.0.1.jar, /Users/Ger/.ivy2/cache/org.scala-lang.modules/scala-parser-combinators_2.11/bundles/scala-parser-combinators_2.11-1.0.1.jar, /Users/Ger/.ivy2/cache/ch.qos.logback/logback-core/jars/logback-core-1.1.3.jar, /Users/Ger/.ivy2/cache/ch.qos.logback/logback-classic/jars/logback-classic-1.1.3.jar, /Users/Ger/.ivy2/cache/com.typesafe.akka/akka-actor_2.11/jars/akka-actor_2.11-2.3.13.jar, /Users/Ger/.ivy2/cache/com.typesafe.akka/akka-slf4j_2.11/jars/akka-slf4j_2.11-2.3.13.jar, /Users/Ger/.ivy2/cache/commons-codec/commons-codec/jars/commons-codec-1.10.jar, /Users/Ger/.ivy2/cache/xerces/xercesImpl/jars/xercesImpl-2.11.0.jar, /Users/Ger/.ivy2/cache/xml-apis/xml-apis/jars/xml-apis-1.4.01.jar, /Users/Ger/.ivy2/cache/javax.transaction/jta/jars/jta-1.1.jar, /Users/Ger/.ivy2/cache/com.google.inject/guice/jars/guice-4.0.jar, /Users/Ger/.ivy2/cache/javax.inject/javax.inject/jars/javax.inject-1.jar, /Users/Ger/.ivy2/cache/aopalliance/aopalliance/jars/aopalliance-1.0.jar, /Users/Ger/.ivy2/cache/com.google.guava/guava/bundles/guava-16.0.1.jar, /Users/Ger/.ivy2/cache/com.google.inject.extensions/guice-assistedinject/jars/guice-assistedinject-4.0.jar, /Users/Ger/.ivy2/cache/io.netty/netty/bundles/netty-3.10.4.Final.jar, /Users/Ger/.ivy2/cache/com.typesafe.netty/netty-http-pipelining/jars/netty-http-pipelining-1.1.4.jar, /Users/Ger/.ivy2/cache/com.typesafe.play/play-doc_2.11/jars/play-doc_2.11-1.2.2.jar, /Users/Ger/.ivy2/cache/org.pegdown/pegdown/jars/pegdown-1.4.0.jar, /Users/Ger/.ivy2/cache/org.parboiled/parboiled-java/bundles/parboiled-java-1.1.5.jar, /Users/Ger/.ivy2/cache/org.parboiled/parboiled-core/bundles/parboiled-core-1.1.5.jar, /Users/Ger/.ivy2/cache/org.ow2.asm/asm/jars/asm-4.1.jar, /Users/Ger/.ivy2/cache/org.ow2.asm/asm-tree/jars/asm-tree-4.1.jar, /Users/Ger/.ivy2/cache/org.ow2.asm/asm-analysis/jars/asm-analysis-4.1.jar, /Users/Ger/.ivy2/cache/org.ow2.asm/asm-util/jars/asm-util-4.1.jar, /Users/Ger/.ivy2/cache/commons-io/commons-io/jars/commons-io-2.4.jar),Some(/Users/Ger/.ivy2/cache/com.typesafe.play/play-omnidoc_2.11/jars/play-omnidoc_2.11-2.4.3.jar),List(),9000,0.0.0.0,DefaultWatchService,List(/Users/Ger/Documents/Ger Repos/biciapp/public, /Users/Ger/Documents/Ger Repos/biciapp/conf, /Users/Ger/Documents/Ger Repos/biciapp/app),/Users/Ger/Documents/Ger Repos/biciapp/target,500,root/playForkNotifyStart,root/playForkReload,300000,play.core.server.DevServerStart))))
Sending msg to client play-fork-run-fdcab3b6-d6ca-4974-a4e2-7d2c1cc6d029: TaskStarted(7,450,None)
Sending msg to client play-fork-run-fdcab3b6-d6ca-4974-a4e2-7d2c1cc6d029: TaskFinished(7,450,None,true,None)
Sending msg to client play-fork-run-fdcab3b6-d6ca-4974-a4e2-7d2c1cc6d029: TaskStarted(7,449,None)
Sending msg to client play-fork-run-fdcab3b6-d6ca-4974-a4e2-7d2c1cc6d029: TaskFinished(7,449,None,true,None)
Sending msg to client play-fork-run-fdcab3b6-d6ca-4974-a4e2-7d2c1cc6d029: DetachedLogEvent(LogMessage(debug,cancel strategy finish enabled=false lastCommand=Some(LastCommand(CommandExecutionWork(ExecutionId(7),{file:/Users/Ger/Documents/Ger%20Repos/biciapp/}root/*:playForkConfig,Set(LiveClient(play-fork-run fdcab3b6-d6ca-4974-a4e2-7d2c1cc6d029)),sbt.server.WorkCancellationStatus$$anon$1@2afb2283)))))
Sending msg to client play-fork-run-fdcab3b6-d6ca-4974-a4e2-7d2c1cc6d029: DetachedLogEvent(LogSuccess(Total time: 1 s, completed Oct 6, 2015 5:16:39 PM))
Sending msg to client play-fork-run-fdcab3b6-d6ca-4974-a4e2-7d2c1cc6d029: DetachedLogEvent(LogMessage(debug,> server-post-command-cleanup))
Sending msg to client play-fork-run-fdcab3b6-d6ca-4974-a4e2-7d2c1cc6d029: ExecutionSuccess(7)
Sending msg to client play-fork-run-fdcab3b6-d6ca-4974-a4e2-7d2c1cc6d029: DetachedLogEvent(LogMessage(debug,> server-handle-next-server-request))
Sending msg to client play-fork-run-fdcab3b6-d6ca-4974-a4e2-7d2c1cc6d029: BackgroundJobLogEvent(1,LogMessage(info,))
Sending msg to client play-fork-run-fdcab3b6-d6ca-4974-a4e2-7d2c1cc6d029: BackgroundJobLogEvent(1,LogMessage(info,[35m--- (Running the application, auto-reloading is enabled) ---[0m))
Sending msg to client play-fork-run-fdcab3b6-d6ca-4974-a4e2-7d2c1cc6d029: BackgroundJobLogEvent(1,LogMessage(info,))
Sending msg to client play-fork-run-fdcab3b6-d6ca-4974-a4e2-7d2c1cc6d029: BackgroundJobLogEvent(1,LogMessage(error,Play fork run has failed due to:))
Sending msg to client play-fork-run-fdcab3b6-d6ca-4974-a4e2-7d2c1cc6d029: BackgroundJobLogEvent(1,LogMessage(error,java.lang.reflect.InvocationTargetException))
Sending msg to client play-fork-run-fdcab3b6-d6ca-4974-a4e2-7d2c1cc6d029: BackgroundJobLogEvent(1,LogMessage(error,	at sun.reflect.NativeMethodAccessorImpl.invoke0(Native Method)))
Sending msg to client play-fork-run-fdcab3b6-d6ca-4974-a4e2-7d2c1cc6d029: BackgroundJobLogEvent(1,LogMessage(error,	at sun.reflect.NativeMethodAccessorImpl.invoke(NativeMethodAccessorImpl.java:62)))
Sending msg to client play-fork-run-fdcab3b6-d6ca-4974-a4e2-7d2c1cc6d029: BackgroundJobLogEvent(1,LogMessage(error,	at sun.reflect.DelegatingMethodAccessorImpl.invoke(DelegatingMethodAccessorImpl.java:43)))
Sending msg to client play-fork-run-fdcab3b6-d6ca-4974-a4e2-7d2c1cc6d029: BackgroundJobLogEvent(1,LogMessage(error,	at java.lang.reflect.Method.invoke(Method.java:497)))
Sending msg to client play-fork-run-fdcab3b6-d6ca-4974-a4e2-7d2c1cc6d029: BackgroundJobLogEvent(1,LogMessage(error,	at play.runsupport.Reloader$.startDevMode(Reloader.scala:223)))
Sending msg to client play-fork-run-fdcab3b6-d6ca-4974-a4e2-7d2c1cc6d029: BackgroundJobLogEvent(1,LogMessage(error,	at play.forkrun.ForkRun$.startServer(ForkRun.scala:82)))
Sending msg to client play-fork-run-fdcab3b6-d6ca-4974-a4e2-7d2c1cc6d029: BackgroundJobLogEvent(1,LogMessage(error,	at play.forkrun.ForkRun.run(ForkRun.scala:177)))
Sending msg to client play-fork-run-fdcab3b6-d6ca-4974-a4e2-7d2c1cc6d029: BackgroundJobLogEvent(1,LogMessage(error,	at play.forkrun.ForkRun$$anonfun$settingUp$1.applyOrElse(ForkRun.scala:166)))
Sending msg to client play-fork-run-fdcab3b6-d6ca-4974-a4e2-7d2c1cc6d029: BackgroundJobLogEvent(1,LogMessage(error,	at akka.actor.Actor$class.aroundReceive(Actor.scala:465)))
Sending msg to client play-fork-run-fdcab3b6-d6ca-4974-a4e2-7d2c1cc6d029: BackgroundJobLogEvent(1,LogMessage(error,	at play.forkrun.ForkRun.aroundReceive(ForkRun.scala:152)))
Sending msg to client play-fork-run-fdcab3b6-d6ca-4974-a4e2-7d2c1cc6d029: BackgroundJobLogEvent(1,LogMessage(error,	at akka.actor.ActorCell.receiveMessage(ActorCell.scala:516)))
Sending msg to client play-fork-run-fdcab3b6-d6ca-4974-a4e2-7d2c1cc6d029: BackgroundJobLogEvent(1,LogMessage(error,	at akka.actor.ActorCell.invoke(ActorCell.scala:487)))
Sending msg to client play-fork-run-fdcab3b6-d6ca-4974-a4e2-7d2c1cc6d029: BackgroundJobLogEvent(1,LogMessage(error,	at akka.dispatch.Mailbox.processMailbox(Mailbox.scala:254)))
Sending msg to client play-fork-run-fdcab3b6-d6ca-4974-a4e2-7d2c1cc6d029: BackgroundJobLogEvent(1,LogMessage(error,	at akka.dispatch.Mailbox.run(Mailbox.scala:221)))
Sending msg to client play-fork-run-fdcab3b6-d6ca-4974-a4e2-7d2c1cc6d029: BackgroundJobLogEvent(1,LogMessage(error,	at akka.dispatch.Mailbox.exec(Mailbox.scala:231)))
Sending msg to client play-fork-run-fdcab3b6-d6ca-4974-a4e2-7d2c1cc6d029: BackgroundJobLogEvent(1,LogMessage(error,	at scala.concurrent.forkjoin.ForkJoinTask.doExec(ForkJoinTask.java:260)))
Sending msg to client play-fork-run-fdcab3b6-d6ca-4974-a4e2-7d2c1cc6d029: BackgroundJobLogEvent(1,LogMessage(error,	at scala.concurrent.forkjoin.ForkJoinPool$WorkQueue.pollAndExecAll(ForkJoinPool.java:1253)))
Sending msg to client play-fork-run-fdcab3b6-d6ca-4974-a4e2-7d2c1cc6d029: BackgroundJobLogEvent(1,LogMessage(error,	at scala.concurrent.forkjoin.ForkJoinPool$WorkQueue.runTask(ForkJoinPool.java:1346)))
Sending msg to client play-fork-run-fdcab3b6-d6ca-4974-a4e2-7d2c1cc6d029: BackgroundJobLogEvent(1,LogMessage(error,	at scala.concurrent.forkjoin.ForkJoinPool.runWorker(ForkJoinPool.java:1979)))
Sending msg to client play-fork-run-fdcab3b6-d6ca-4974-a4e2-7d2c1cc6d029: BackgroundJobLogEvent(1,LogMessage(error,	at scala.concurrent.forkjoin.ForkJoinWorkerThread.run(ForkJoinWorkerThread.java:107)))
Sending msg to client play-fork-run-fdcab3b6-d6ca-4974-a4e2-7d2c1cc6d029: BackgroundJobLogEvent(1,LogMessage(error,Caused by: org.jboss.netty.channel.ChannelException: Failed to bind to: /0.0.0.0:9000))
Sending msg to client play-fork-run-fdcab3b6-d6ca-4974-a4e2-7d2c1cc6d029: BackgroundJobLogEvent(1,LogMessage(error,	at org.jboss.netty.bootstrap.ServerBootstrap.bind(ServerBootstrap.java:272)))
Sending msg to client play-fork-run-fdcab3b6-d6ca-4974-a4e2-7d2c1cc6d029: BackgroundJobLogEvent(1,LogMessage(error,	at play.core.server.NettyServer$$anonfun$1.apply(NettyServer.scala:132)))
Sending msg to client play-fork-run-fdcab3b6-d6ca-4974-a4e2-7d2c1cc6d029: BackgroundJobLogEvent(1,LogMessage(error,	at play.core.server.NettyServer$$anonfun$1.apply(NettyServer.scala:129)))
Sending msg to client play-fork-run-fdcab3b6-d6ca-4974-a4e2-7d2c1cc6d029: BackgroundJobLogEvent(1,LogMessage(error,	at scala.Option.map(Option.scala:146)))
Sending msg to client play-fork-run-fdcab3b6-d6ca-4974-a4e2-7d2c1cc6d029: BackgroundJobLogEvent(1,LogMessage(error,	at play.core.server.NettyServer.<init>(NettyServer.scala:129)))
Sending msg to client play-fork-run-fdcab3b6-d6ca-4974-a4e2-7d2c1cc6d029: BackgroundJobLogEvent(1,LogMessage(error,	at play.core.server.NettyServerProvider.createServer(NettyServer.scala:200)))
Sending msg to client play-fork-run-fdcab3b6-d6ca-4974-a4e2-7d2c1cc6d029: BackgroundJobLogEvent(1,LogMessage(error,	at play.core.server.NettyServerProvider.createServer(NettyServer.scala:199)))
Sending msg to client play-fork-run-fdcab3b6-d6ca-4974-a4e2-7d2c1cc6d029: BackgroundJobLogEvent(1,LogMessage(error,	at play.core.server.DevServerStart$$anonfun$mainDev$1.apply(DevServerStart.scala:208)))
Sending msg to client play-fork-run-fdcab3b6-d6ca-4974-a4e2-7d2c1cc6d029: BackgroundJobLogEvent(1,LogMessage(error,	at play.core.server.DevServerStart$$anonfun$mainDev$1.apply(DevServerStart.scala:61)))
Sending msg to client play-fork-run-fdcab3b6-d6ca-4974-a4e2-7d2c1cc6d029: BackgroundJobLogEvent(1,LogMessage(error,	at play.utils.Threads$.withContextClassLoader(Threads.scala:21)))
Sending msg to client play-fork-run-fdcab3b6-d6ca-4974-a4e2-7d2c1cc6d029: BackgroundJobLogEvent(1,LogMessage(error,	at play.core.server.DevServerStart$.mainDev(DevServerStart.scala:60)))
Sending msg to client play-fork-run-fdcab3b6-d6ca-4974-a4e2-7d2c1cc6d029: BackgroundJobLogEvent(1,LogMessage(error,	at play.core.server.DevServerStart$.mainDevHttpMode(DevServerStart.scala:50)))
Sending msg to client play-fork-run-fdcab3b6-d6ca-4974-a4e2-7d2c1cc6d029: BackgroundJobLogEvent(1,LogMessage(error,	at play.core.server.DevServerStart.mainDevHttpMode(DevServerStart.scala)))
Sending msg to client play-fork-run-fdcab3b6-d6ca-4974-a4e2-7d2c1cc6d029: BackgroundJobLogEvent(1,LogMessage(error,	... 20 more))
Sending msg to client play-fork-run-fdcab3b6-d6ca-4974-a4e2-7d2c1cc6d029: BackgroundJobLogEvent(1,LogMessage(error,Caused by: java.net.BindException: Address already in use))
Sending msg to client play-fork-run-fdcab3b6-d6ca-4974-a4e2-7d2c1cc6d029: BackgroundJobLogEvent(1,LogMessage(error,	at sun.nio.ch.Net.bind0(Native Method)))
Sending msg to client play-fork-run-fdcab3b6-d6ca-4974-a4e2-7d2c1cc6d029: BackgroundJobLogEvent(1,LogMessage(error,	at sun.nio.ch.Net.bind(Net.java:433)))
Sending msg to client play-fork-run-fdcab3b6-d6ca-4974-a4e2-7d2c1cc6d029: BackgroundJobLogEvent(1,LogMessage(error,	at sun.nio.ch.Net.bind(Net.java:425)))
Sending msg to client play-fork-run-fdcab3b6-d6ca-4974-a4e2-7d2c1cc6d029: BackgroundJobLogEvent(1,LogMessage(error,	at sun.nio.ch.ServerSocketChannelImpl.bind(ServerSocketChannelImpl.java:223)))
Sending msg to client play-fork-run-fdcab3b6-d6ca-4974-a4e2-7d2c1cc6d029: BackgroundJobLogEvent(1,LogMessage(error,	at sun.nio.ch.ServerSocketAdaptor.bind(ServerSocketAdaptor.java:74)))
Sending msg to client play-fork-run-fdcab3b6-d6ca-4974-a4e2-7d2c1cc6d029: BackgroundJobLogEvent(1,LogMessage(error,	at org.jboss.netty.channel.socket.nio.NioServerBoss$RegisterTask.run(NioServerBoss.java:193)))
Sending msg to client play-fork-run-fdcab3b6-d6ca-4974-a4e2-7d2c1cc6d029: BackgroundJobLogEvent(1,LogMessage(error,	at org.jboss.netty.channel.socket.nio.AbstractNioSelector.processTaskQueue(AbstractNioSelector.java:391)))
Sending msg to client play-fork-run-fdcab3b6-d6ca-4974-a4e2-7d2c1cc6d029: BackgroundJobLogEvent(1,LogMessage(error,	at org.jboss.netty.channel.socket.nio.AbstractNioSelector.run(AbstractNioSelector.java:315)))
Sending msg to client play-fork-run-fdcab3b6-d6ca-4974-a4e2-7d2c1cc6d029: BackgroundJobLogEvent(1,LogMessage(error,	at org.jboss.netty.channel.socket.nio.NioServerBoss.run(NioServerBoss.java:42)))
Sending msg to client play-fork-run-fdcab3b6-d6ca-4974-a4e2-7d2c1cc6d029: BackgroundJobLogEvent(1,LogMessage(error,	at org.jboss.netty.util.ThreadRenamingRunnable.run(ThreadRenamingRunnable.java:108)))
Sending msg to client play-fork-run-fdcab3b6-d6ca-4974-a4e2-7d2c1cc6d029: BackgroundJobLogEvent(1,LogMessage(error,	at org.jboss.netty.util.internal.DeadLockProofWorker$1.run(DeadLockProofWorker.java:42)))
Sending msg to client play-fork-run-fdcab3b6-d6ca-4974-a4e2-7d2c1cc6d029: BackgroundJobLogEvent(1,LogMessage(error,	at java.util.concurrent.ThreadPoolExecutor.runWorker(ThreadPoolExecutor.java:1142)))
Sending msg to client play-fork-run-fdcab3b6-d6ca-4974-a4e2-7d2c1cc6d029: BackgroundJobLogEvent(1,LogMessage(error,	at java.util.concurrent.ThreadPoolExecutor$Worker.run(ThreadPoolExecutor.java:617)))
Sending msg to client play-fork-run-fdcab3b6-d6ca-4974-a4e2-7d2c1cc6d029: BackgroundJobLogEvent(1,LogMessage(error,	at java.lang.Thread.run(Thread.java:745)))
Sending msg to client play-fork-run-fdcab3b6-d6ca-4974-a4e2-7d2c1cc6d029: BackgroundJobLogEvent(1,LogMessage(info,Stopping Play fork run ...))
Got request: UnlistenToEvents()
Reading next message from client.
Sending msg to client play-fork-run-fdcab3b6-d6ca-4974-a4e2-7d2c1cc6d029: (8,ReceivedResponse())
Got request: UnlistenToValue(AttributeKey[play.forkrun.protocol.ForkConfig]("playForkConfig") in Scope(Build: file:/Users/Ger/Documents/Ger%20Repos/biciapp/, , Project: ProjectReference(file:/Users/Ger/Documents/Ger%20Repos/biciapp/,root)))
Reading next message from client.
Client play-fork-run-fdcab3b6-d6ca-4974-a4e2-7d2c1cc6d029 EOF, shutting down.
Stopping client.
Dropping message (9,ReceivedResponse()) to dead client play-fork-run-fdcab3b6-d6ca-4974-a4e2-7d2c1cc6d029
Client play-fork-run-fdcab3b6-d6ca-4974-a4e2-7d2c1cc6d029 thread exiting.
Dropping message (0,ReceivedResponse()) to dead client play-fork-run-fdcab3b6-d6ca-4974-a4e2-7d2c1cc6d029
