New log file opened at Mon Oct 05 23:39:15 COT 2015 by 48404@MacBook-Pro-German.local
Sending msg to client play-fork-run-cc2d4232-823d-4d39-9b06-5dfa4a1ca719: DetachedLogEvent(LogMessage(debug,sbt server socket logs are in: /Users/Ger/Documents/Ger Repos/biciapp/.sbtserver/connections/master.log))
Sending msg to client play-fork-run-cc2d4232-823d-4d39-9b06-5dfa4a1ca719: DetachedLogEvent(LogMessage(debug,sbt client logs are in: /Users/Ger/Documents/Ger Repos/biciapp/.sbtserver/connections/play-fork-run-cc2d4232-823d-4d39-9b06-5dfa4a1ca719.log))
Sending msg to client play-fork-run-cc2d4232-823d-4d39-9b06-5dfa4a1ca719: DetachedLogEvent(LogMessage(debug,sbt general server logs are in: /Users/Ger/Documents/Ger Repos/biciapp/.sbtserver/master.log))
Reading next message from client.
Got request: DaemonRequest(true)
Reading next message from client.
Sending msg to client play-fork-run-cc2d4232-823d-4d39-9b06-5dfa4a1ca719: (3,ReceivedResponse())
Got request: ListenToEvents()
Reading next message from client.
Sending msg to client play-fork-run-cc2d4232-823d-4d39-9b06-5dfa4a1ca719: BackgroundJobStarted(9,BackgroundJobInfo(2,backgroundRun,AttributeKey[sbt.BackgroundJobHandle]("backgroundRun") in Scope(Build: file:/Users/Ger/Documents/Ger%20Repos/biciapp/, , Project: ProjectReference(file:/Users/Ger/Documents/Ger%20Repos/biciapp/,root), Config: compile)))
Sending msg to client play-fork-run-cc2d4232-823d-4d39-9b06-5dfa4a1ca719: (4,ReceivedResponse())
Got request: KeyLookupRequest(root/playForkConfig)
Reading next message from client.
Sending msg to client play-fork-run-cc2d4232-823d-4d39-9b06-5dfa4a1ca719: (5,KeyLookupResponse(root/playForkConfig,Vector(AttributeKey[play.forkrun.protocol.ForkConfig]("playForkConfig") in Scope(Build: file:/Users/Ger/Documents/Ger%20Repos/biciapp/, , Project: ProjectReference(file:/Users/Ger/Documents/Ger%20Repos/biciapp/,root)))))
Got request: ListenToValue(AttributeKey[play.forkrun.protocol.ForkConfig]("playForkConfig") in Scope(Build: file:/Users/Ger/Documents/Ger%20Repos/biciapp/, , Project: ProjectReference(file:/Users/Ger/Documents/Ger%20Repos/biciapp/,root)))
Reading next message from client.
Sending msg to client play-fork-run-cc2d4232-823d-4d39-9b06-5dfa4a1ca719: (6,ReceivedResponse())
Got request: KeyExecutionRequest(AttributeKey[play.forkrun.protocol.ForkConfig]("playForkConfig") in Scope(Build: file:/Users/Ger/Documents/Ger%20Repos/biciapp/, , Project: ProjectReference(file:/Users/Ger/Documents/Ger%20Repos/biciapp/,root)))
Reading next message from client.
Sending msg to client play-fork-run-cc2d4232-823d-4d39-9b06-5dfa4a1ca719: (7,ExecutionRequestReceived(10))
Sending msg to client play-fork-run-cc2d4232-823d-4d39-9b06-5dfa4a1ca719: ExecutionWaiting(10,{file:/Users/Ger/Documents/Ger%20Repos/biciapp/}root/*:playForkConfig,ClientInfo(cc2d4232-823d-4d39-9b06-5dfa4a1ca719,play-fork-run,Play Fork Run,1,Vector()))
Sending msg to client play-fork-run-cc2d4232-823d-4d39-9b06-5dfa4a1ca719: ExecutionStarting(10)
Sending msg to client play-fork-run-cc2d4232-823d-4d39-9b06-5dfa4a1ca719: DetachedLogEvent(LogMessage(debug,> {file:/Users/Ger/Documents/Ger%20Repos/biciapp/}root/*:playForkConfig))
Sending msg to client play-fork-run-cc2d4232-823d-4d39-9b06-5dfa4a1ca719: DetachedLogEvent(LogMessage(debug,Evaluating tasks: *:playForkConfig))
Sending msg to client play-fork-run-cc2d4232-823d-4d39-9b06-5dfa4a1ca719: DetachedLogEvent(LogMessage(debug,Running task... Cancel: sbt.server.ServerTaskCancellation@1374275b, check cycles: false))
Sending msg to client play-fork-run-cc2d4232-823d-4d39-9b06-5dfa4a1ca719: DetachedLogEvent(LogMessage(debug,cancel strategy start enabled=true lastCommand=Some(LastCommand(CommandExecutionWork(ExecutionId(10),{file:/Users/Ger/Documents/Ger%20Repos/biciapp/}root/*:playForkConfig,Set(LiveClient(play-fork-run cc2d4232-823d-4d39-9b06-5dfa4a1ca719)),sbt.server.WorkCancellationStatus$$anon$1@67d6387)))))
Sending msg to client play-fork-run-cc2d4232-823d-4d39-9b06-5dfa4a1ca719: TaskStarted(10,574,None)
Sending msg to client play-fork-run-cc2d4232-823d-4d39-9b06-5dfa4a1ca719: TaskStarted(10,582,None)
Sending msg to client play-fork-run-cc2d4232-823d-4d39-9b06-5dfa4a1ca719: TaskStarted(10,592,None)
Sending msg to client play-fork-run-cc2d4232-823d-4d39-9b06-5dfa4a1ca719: TaskStarted(10,597,Some(AttributeKey[scala.collection.Seq[sbt.Resolver]]("externalResolvers") in Scope(Build: file:/Users/Ger/Documents/Ger%20Repos/biciapp/, , Project: ProjectReference(file:/Users/Ger/Documents/Ger%20Repos/biciapp/,root))))
Sending msg to client play-fork-run-cc2d4232-823d-4d39-9b06-5dfa4a1ca719: TaskStarted(10,601,Some(AttributeKey[scala.Option[scala.collection.Seq[sbt.Resolver]]]("bootResolvers") in Scope(Build: file:/Users/Ger/Documents/Ger%20Repos/biciapp/, , Project: ProjectReference(file:/Users/Ger/Documents/Ger%20Repos/biciapp/,root))))
Sending msg to client play-fork-run-cc2d4232-823d-4d39-9b06-5dfa4a1ca719: TaskStarted(10,603,Some(AttributeKey[scala.collection.Seq[sbt.Credentials]]("credentials") in Scope(Global)))
Sending msg to client play-fork-run-cc2d4232-823d-4d39-9b06-5dfa4a1ca719: TaskStarted(10,604,Some(AttributeKey[boolean]("skip") in Scope(Global)))
Sending msg to client play-fork-run-cc2d4232-823d-4d39-9b06-5dfa4a1ca719: TaskStarted(10,606,None)
Sending msg to client play-fork-run-cc2d4232-823d-4d39-9b06-5dfa4a1ca719: TaskStarted(10,608,None)
Sending msg to client play-fork-run-cc2d4232-823d-4d39-9b06-5dfa4a1ca719: TaskStarted(10,609,None)
Sending msg to client play-fork-run-cc2d4232-823d-4d39-9b06-5dfa4a1ca719: TaskStarted(10,610,Some(AttributeKey[java.lang.String]("updateCacheName") in Scope(Build: file:/Users/Ger/Documents/Ger%20Repos/biciapp/, , Project: ProjectReference(file:/Users/Ger/Documents/Ger%20Repos/biciapp/,root))))
Sending msg to client play-fork-run-cc2d4232-823d-4d39-9b06-5dfa4a1ca719: TaskStarted(10,612,None)
Sending msg to client play-fork-run-cc2d4232-823d-4d39-9b06-5dfa4a1ca719: TaskStarted(10,621,Some(AttributeKey[scala.Option[java.lang.String]]("mainClass") in Scope(Build: file:/Users/Ger/Documents/Ger%20Repos/biciapp/, , Project: ProjectReference(file:/Users/Ger/Documents/Ger%20Repos/biciapp/,root), Config: compile, Task: AttributeKey[void]("run"))))
Sending msg to client play-fork-run-cc2d4232-823d-4d39-9b06-5dfa4a1ca719: TaskStarted(10,622,Some(AttributeKey[scala.collection.Seq[java.lang.String]]("javaOptions") in Scope(Global)))
Sending msg to client play-fork-run-cc2d4232-823d-4d39-9b06-5dfa4a1ca719: TaskStarted(10,624,Some(AttributeKey[scala.Tuple2[java.lang.String,java.io.File]]("playPrefixAndAssets") in Scope(Build: file:/Users/Ger/Documents/Ger%20Repos/biciapp/, , Project: ProjectReference(file:/Users/Ger/Documents/Ger%20Repos/biciapp/,root))))
Sending msg to client play-fork-run-cc2d4232-823d-4d39-9b06-5dfa4a1ca719: TaskStarted(10,626,None)
Sending msg to client play-fork-run-cc2d4232-823d-4d39-9b06-5dfa4a1ca719: TaskFinished(10,574,None,true,None)
Sending msg to client play-fork-run-cc2d4232-823d-4d39-9b06-5dfa4a1ca719: TaskStarted(10,573,None)
Sending msg to client play-fork-run-cc2d4232-823d-4d39-9b06-5dfa4a1ca719: TaskStarted(10,577,None)
Sending msg to client play-fork-run-cc2d4232-823d-4d39-9b06-5dfa4a1ca719: TaskStarted(10,585,None)
Sending msg to client play-fork-run-cc2d4232-823d-4d39-9b06-5dfa4a1ca719: TaskStarted(10,595,None)
Sending msg to client play-fork-run-cc2d4232-823d-4d39-9b06-5dfa4a1ca719: TaskStarted(10,600,None)
Sending msg to client play-fork-run-cc2d4232-823d-4d39-9b06-5dfa4a1ca719: TaskStarted(10,602,None)
Sending msg to client play-fork-run-cc2d4232-823d-4d39-9b06-5dfa4a1ca719: TaskStarted(10,615,None)
Sending msg to client play-fork-run-cc2d4232-823d-4d39-9b06-5dfa4a1ca719: TaskStarted(10,617,None)
Sending msg to client play-fork-run-cc2d4232-823d-4d39-9b06-5dfa4a1ca719: TaskFinished(10,582,None,true,None)
Sending msg to client play-fork-run-cc2d4232-823d-4d39-9b06-5dfa4a1ca719: TaskFinished(10,592,None,true,None)
Sending msg to client play-fork-run-cc2d4232-823d-4d39-9b06-5dfa4a1ca719: TaskStarted(10,591,Some(AttributeKey[sbt.BuildStructure]("buildStructure") in Scope(Global)))
Sending msg to client play-fork-run-cc2d4232-823d-4d39-9b06-5dfa4a1ca719: TaskStarted(10,605,Some(AttributeKey[java.io.File]("dependencyCacheDirectory") in Scope(Build: file:/Users/Ger/Documents/Ger%20Repos/biciapp/, , Project: ProjectReference(file:/Users/Ger/Documents/Ger%20Repos/biciapp/,root))))
Sending msg to client play-fork-run-cc2d4232-823d-4d39-9b06-5dfa4a1ca719: TaskFinished(10,601,Some(AttributeKey[scala.Option[scala.collection.Seq[sbt.Resolver]]]("bootResolvers") in Scope(Build: file:/Users/Ger/Documents/Ger%20Repos/biciapp/, , Project: ProjectReference(file:/Users/Ger/Documents/Ger%20Repos/biciapp/,root))),true,None)
Sending msg to client play-fork-run-cc2d4232-823d-4d39-9b06-5dfa4a1ca719: TaskFinished(10,604,Some(AttributeKey[boolean]("skip") in Scope(Global)),true,None)
Sending msg to client play-fork-run-cc2d4232-823d-4d39-9b06-5dfa4a1ca719: TaskFinished(10,606,None,true,None)
Sending msg to client play-fork-run-cc2d4232-823d-4d39-9b06-5dfa4a1ca719: TaskFinished(10,597,Some(AttributeKey[scala.collection.Seq[sbt.Resolver]]("externalResolvers") in Scope(Build: file:/Users/Ger/Documents/Ger%20Repos/biciapp/, , Project: ProjectReference(file:/Users/Ger/Documents/Ger%20Repos/biciapp/,root))),true,None)
Sending msg to client play-fork-run-cc2d4232-823d-4d39-9b06-5dfa4a1ca719: TaskFinished(10,603,Some(AttributeKey[scala.collection.Seq[sbt.Credentials]]("credentials") in Scope(Global)),true,None)
Sending msg to client play-fork-run-cc2d4232-823d-4d39-9b06-5dfa4a1ca719: TaskFinished(10,608,None,true,None)
Sending msg to client play-fork-run-cc2d4232-823d-4d39-9b06-5dfa4a1ca719: TaskFinished(10,609,None,true,None)
Sending msg to client play-fork-run-cc2d4232-823d-4d39-9b06-5dfa4a1ca719: TaskStarted(10,607,Some(AttributeKey[scala.collection.Seq[sbt.UpdateReport]]("transitiveUpdate") in Scope(Build: file:/Users/Ger/Documents/Ger%20Repos/biciapp/, , Project: ProjectReference(file:/Users/Ger/Documents/Ger%20Repos/biciapp/,root))))
Sending msg to client play-fork-run-cc2d4232-823d-4d39-9b06-5dfa4a1ca719: TaskFinished(10,610,Some(AttributeKey[java.lang.String]("updateCacheName") in Scope(Build: file:/Users/Ger/Documents/Ger%20Repos/biciapp/, , Project: ProjectReference(file:/Users/Ger/Documents/Ger%20Repos/biciapp/,root))),true,None)
Sending msg to client play-fork-run-cc2d4232-823d-4d39-9b06-5dfa4a1ca719: TaskFinished(10,612,None,true,None)
Sending msg to client play-fork-run-cc2d4232-823d-4d39-9b06-5dfa4a1ca719: TaskFinished(10,621,Some(AttributeKey[scala.Option[java.lang.String]]("mainClass") in Scope(Build: file:/Users/Ger/Documents/Ger%20Repos/biciapp/, , Project: ProjectReference(file:/Users/Ger/Documents/Ger%20Repos/biciapp/,root), Config: compile, Task: AttributeKey[void]("run"))),true,None)
Sending msg to client play-fork-run-cc2d4232-823d-4d39-9b06-5dfa4a1ca719: TaskFinished(10,622,Some(AttributeKey[scala.collection.Seq[java.lang.String]]("javaOptions") in Scope(Global)),true,None)
Sending msg to client play-fork-run-cc2d4232-823d-4d39-9b06-5dfa4a1ca719: TaskFinished(10,624,Some(AttributeKey[scala.Tuple2[java.lang.String,java.io.File]]("playPrefixAndAssets") in Scope(Build: file:/Users/Ger/Documents/Ger%20Repos/biciapp/, , Project: ProjectReference(file:/Users/Ger/Documents/Ger%20Repos/biciapp/,root))),true,None)
Sending msg to client play-fork-run-cc2d4232-823d-4d39-9b06-5dfa4a1ca719: TaskStarted(10,623,Some(AttributeKey[scala.collection.Seq[scala.Tuple2[java.lang.String,java.io.File]]]("playAllAssets") in Scope(Build: file:/Users/Ger/Documents/Ger%20Repos/biciapp/, , Project: ProjectReference(file:/Users/Ger/Documents/Ger%20Repos/biciapp/,root))))
Sending msg to client play-fork-run-cc2d4232-823d-4d39-9b06-5dfa4a1ca719: TaskFinished(10,626,None,true,None)
Sending msg to client play-fork-run-cc2d4232-823d-4d39-9b06-5dfa4a1ca719: TaskFinished(10,573,None,true,None)
Sending msg to client play-fork-run-cc2d4232-823d-4d39-9b06-5dfa4a1ca719: TaskFinished(10,577,None,true,None)
Sending msg to client play-fork-run-cc2d4232-823d-4d39-9b06-5dfa4a1ca719: TaskFinished(10,585,None,true,None)
Sending msg to client play-fork-run-cc2d4232-823d-4d39-9b06-5dfa4a1ca719: TaskFinished(10,595,None,true,None)
Sending msg to client play-fork-run-cc2d4232-823d-4d39-9b06-5dfa4a1ca719: TaskFinished(10,600,None,true,None)
Sending msg to client play-fork-run-cc2d4232-823d-4d39-9b06-5dfa4a1ca719: TaskFinished(10,602,None,true,None)
Sending msg to client play-fork-run-cc2d4232-823d-4d39-9b06-5dfa4a1ca719: TaskFinished(10,615,None,true,None)
Sending msg to client play-fork-run-cc2d4232-823d-4d39-9b06-5dfa4a1ca719: TaskStarted(10,614,Some(AttributeKey[scala.collection.immutable.Map[sbt.ModuleID,sbt.SourcePosition]]("dependencyPositions") in Scope(Build: file:/Users/Ger/Documents/Ger%20Repos/biciapp/, , Project: ProjectReference(file:/Users/Ger/Documents/Ger%20Repos/biciapp/,root))))
Sending msg to client play-fork-run-cc2d4232-823d-4d39-9b06-5dfa4a1ca719: TaskFinished(10,617,None,true,None)
Sending msg to client play-fork-run-cc2d4232-823d-4d39-9b06-5dfa4a1ca719: TaskFinished(10,591,Some(AttributeKey[sbt.BuildStructure]("buildStructure") in Scope(Global)),true,None)
Sending msg to client play-fork-run-cc2d4232-823d-4d39-9b06-5dfa4a1ca719: TaskStarted(10,590,Some(AttributeKey[sbt.Settings[sbt.Scope]]("settingsData") in Scope(Global)))
Sending msg to client play-fork-run-cc2d4232-823d-4d39-9b06-5dfa4a1ca719: TaskFinished(10,605,Some(AttributeKey[java.io.File]("dependencyCacheDirectory") in Scope(Build: file:/Users/Ger/Documents/Ger%20Repos/biciapp/, , Project: ProjectReference(file:/Users/Ger/Documents/Ger%20Repos/biciapp/,root))),true,None)
Sending msg to client play-fork-run-cc2d4232-823d-4d39-9b06-5dfa4a1ca719: TaskFinished(10,607,Some(AttributeKey[scala.collection.Seq[sbt.UpdateReport]]("transitiveUpdate") in Scope(Build: file:/Users/Ger/Documents/Ger%20Repos/biciapp/, , Project: ProjectReference(file:/Users/Ger/Documents/Ger%20Repos/biciapp/,root))),true,None)
Sending msg to client play-fork-run-cc2d4232-823d-4d39-9b06-5dfa4a1ca719: TaskFinished(10,623,Some(AttributeKey[scala.collection.Seq[scala.Tuple2[java.lang.String,java.io.File]]]("playAllAssets") in Scope(Build: file:/Users/Ger/Documents/Ger%20Repos/biciapp/, , Project: ProjectReference(file:/Users/Ger/Documents/Ger%20Repos/biciapp/,root))),true,None)
Sending msg to client play-fork-run-cc2d4232-823d-4d39-9b06-5dfa4a1ca719: TaskFinished(10,614,Some(AttributeKey[scala.collection.immutable.Map[sbt.ModuleID,sbt.SourcePosition]]("dependencyPositions") in Scope(Build: file:/Users/Ger/Documents/Ger%20Repos/biciapp/, , Project: ProjectReference(file:/Users/Ger/Documents/Ger%20Repos/biciapp/,root))),true,None)
Sending msg to client play-fork-run-cc2d4232-823d-4d39-9b06-5dfa4a1ca719: TaskStarted(10,613,Some(AttributeKey[sbt.UnresolvedWarningConfiguration]("unresolvedWarningConfiguration") in Scope(Build: file:/Users/Ger/Documents/Ger%20Repos/biciapp/, , Project: ProjectReference(file:/Users/Ger/Documents/Ger%20Repos/biciapp/,root), Task: AttributeKey[sbt.UpdateReport]("update"))))
Sending msg to client play-fork-run-cc2d4232-823d-4d39-9b06-5dfa4a1ca719: TaskFinished(10,590,Some(AttributeKey[sbt.Settings[sbt.Scope]]("settingsData") in Scope(Global)),true,None)
Sending msg to client play-fork-run-cc2d4232-823d-4d39-9b06-5dfa4a1ca719: TaskStarted(10,589,Some(AttributeKey[scala.collection.Seq[sbt.ModuleID]]("projectDependencies") in Scope(Build: file:/Users/Ger/Documents/Ger%20Repos/biciapp/, , Project: ProjectReference(file:/Users/Ger/Documents/Ger%20Repos/biciapp/,root))))
Sending msg to client play-fork-run-cc2d4232-823d-4d39-9b06-5dfa4a1ca719: TaskStarted(10,599,Some(AttributeKey[scala.collection.immutable.Map[org.apache.ivy.core.module.id.ModuleRevisionId,org.apache.ivy.core.module.descriptor.ModuleDescriptor]]("projectDescriptors") in Scope(Build: file:/Users/Ger/Documents/Ger%20Repos/biciapp/, , Project: ProjectReference(file:/Users/Ger/Documents/Ger%20Repos/biciapp/,root))))
Sending msg to client play-fork-run-cc2d4232-823d-4d39-9b06-5dfa4a1ca719: TaskStarted(10,611,None)
Sending msg to client play-fork-run-cc2d4232-823d-4d39-9b06-5dfa4a1ca719: TaskStarted(10,618,None)
Sending msg to client play-fork-run-cc2d4232-823d-4d39-9b06-5dfa4a1ca719: TaskStarted(10,625,Some(AttributeKey[scala.collection.Seq[java.io.File]]("playMonitoredFiles") in Scope(Build: file:/Users/Ger/Documents/Ger%20Repos/biciapp/, , Project: ProjectReference(file:/Users/Ger/Documents/Ger%20Repos/biciapp/,root))))
Sending msg to client play-fork-run-cc2d4232-823d-4d39-9b06-5dfa4a1ca719: TaskFinished(10,613,Some(AttributeKey[sbt.UnresolvedWarningConfiguration]("unresolvedWarningConfiguration") in Scope(Build: file:/Users/Ger/Documents/Ger%20Repos/biciapp/, , Project: ProjectReference(file:/Users/Ger/Documents/Ger%20Repos/biciapp/,root), Task: AttributeKey[sbt.UpdateReport]("update"))),true,None)
Sending msg to client play-fork-run-cc2d4232-823d-4d39-9b06-5dfa4a1ca719: TaskFinished(10,589,Some(AttributeKey[scala.collection.Seq[sbt.ModuleID]]("projectDependencies") in Scope(Build: file:/Users/Ger/Documents/Ger%20Repos/biciapp/, , Project: ProjectReference(file:/Users/Ger/Documents/Ger%20Repos/biciapp/,root))),true,None)
Sending msg to client play-fork-run-cc2d4232-823d-4d39-9b06-5dfa4a1ca719: TaskStarted(10,588,Some(AttributeKey[scala.collection.Seq[sbt.ModuleID]]("allDependencies") in Scope(Build: file:/Users/Ger/Documents/Ger%20Repos/biciapp/, , Project: ProjectReference(file:/Users/Ger/Documents/Ger%20Repos/biciapp/,root))))
Sending msg to client play-fork-run-cc2d4232-823d-4d39-9b06-5dfa4a1ca719: TaskStarted(10,628,None)
Sending msg to client play-fork-run-cc2d4232-823d-4d39-9b06-5dfa4a1ca719: TaskStarted(10,629,None)
Sending msg to client play-fork-run-cc2d4232-823d-4d39-9b06-5dfa4a1ca719: TaskStarted(10,634,None)
Sending msg to client play-fork-run-cc2d4232-823d-4d39-9b06-5dfa4a1ca719: TaskStarted(10,635,None)
Sending msg to client play-fork-run-cc2d4232-823d-4d39-9b06-5dfa4a1ca719: TaskStarted(10,637,None)
Sending msg to client play-fork-run-cc2d4232-823d-4d39-9b06-5dfa4a1ca719: TaskStarted(10,639,None)
Sending msg to client play-fork-run-cc2d4232-823d-4d39-9b06-5dfa4a1ca719: TaskStarted(10,640,None)
Sending msg to client play-fork-run-cc2d4232-823d-4d39-9b06-5dfa4a1ca719: TaskStarted(10,641,None)
Sending msg to client play-fork-run-cc2d4232-823d-4d39-9b06-5dfa4a1ca719: TaskFinished(10,588,Some(AttributeKey[scala.collection.Seq[sbt.ModuleID]]("allDependencies") in Scope(Build: file:/Users/Ger/Documents/Ger%20Repos/biciapp/, , Project: ProjectReference(file:/Users/Ger/Documents/Ger%20Repos/biciapp/,root))),true,None)
Sending msg to client play-fork-run-cc2d4232-823d-4d39-9b06-5dfa4a1ca719: TaskStarted(10,587,Some(AttributeKey[sbt.ModuleSettings]("moduleSettings") in Scope(Build: file:/Users/Ger/Documents/Ger%20Repos/biciapp/, , Project: ProjectReference(file:/Users/Ger/Documents/Ger%20Repos/biciapp/,root))))
Sending msg to client play-fork-run-cc2d4232-823d-4d39-9b06-5dfa4a1ca719: TaskFinished(10,628,None,true,None)
Sending msg to client play-fork-run-cc2d4232-823d-4d39-9b06-5dfa4a1ca719: TaskStarted(10,627,None)
Sending msg to client play-fork-run-cc2d4232-823d-4d39-9b06-5dfa4a1ca719: TaskFinished(10,629,None,true,None)
Sending msg to client play-fork-run-cc2d4232-823d-4d39-9b06-5dfa4a1ca719: TaskFinished(10,611,None,true,None)
Sending msg to client play-fork-run-cc2d4232-823d-4d39-9b06-5dfa4a1ca719: TaskFinished(10,634,None,true,None)
Sending msg to client play-fork-run-cc2d4232-823d-4d39-9b06-5dfa4a1ca719: TaskFinished(10,635,None,true,None)
Sending msg to client play-fork-run-cc2d4232-823d-4d39-9b06-5dfa4a1ca719: TaskStarted(10,633,Some(AttributeKey[scala.collection.Seq[sbt.Attributed[java.io.File]]]("unmanagedJars") in Scope(Build: file:/Users/Ger/Documents/Ger%20Repos/biciapp/, , Project: ProjectReference(file:/Users/Ger/Documents/Ger%20Repos/biciapp/,root), Config: compile)))
Sending msg to client play-fork-run-cc2d4232-823d-4d39-9b06-5dfa4a1ca719: TaskFinished(10,637,None,true,None)
Sending msg to client play-fork-run-cc2d4232-823d-4d39-9b06-5dfa4a1ca719: TaskStarted(10,636,None)
Sending msg to client play-fork-run-cc2d4232-823d-4d39-9b06-5dfa4a1ca719: TaskFinished(10,639,None,true,None)
Sending msg to client play-fork-run-cc2d4232-823d-4d39-9b06-5dfa4a1ca719: TaskFinished(10,640,None,true,None)
Sending msg to client play-fork-run-cc2d4232-823d-4d39-9b06-5dfa4a1ca719: TaskStarted(10,638,Some(AttributeKey[scala.collection.Seq[sbt.Attributed[java.io.File]]]("unmanagedJars") in Scope(Build: file:/Users/Ger/Documents/Ger%20Repos/biciapp/, , Project: ProjectReference(file:/Users/Ger/Documents/Ger%20Repos/biciapp/,root), Config: runtime)))
Sending msg to client play-fork-run-cc2d4232-823d-4d39-9b06-5dfa4a1ca719: TaskFinished(10,641,None,true,None)
Sending msg to client play-fork-run-cc2d4232-823d-4d39-9b06-5dfa4a1ca719: TaskFinished(10,625,Some(AttributeKey[scala.collection.Seq[java.io.File]]("playMonitoredFiles") in Scope(Build: file:/Users/Ger/Documents/Ger%20Repos/biciapp/, , Project: ProjectReference(file:/Users/Ger/Documents/Ger%20Repos/biciapp/,root))),true,None)
Sending msg to client play-fork-run-cc2d4232-823d-4d39-9b06-5dfa4a1ca719: TaskFinished(10,587,Some(AttributeKey[sbt.ModuleSettings]("moduleSettings") in Scope(Build: file:/Users/Ger/Documents/Ger%20Repos/biciapp/, , Project: ProjectReference(file:/Users/Ger/Documents/Ger%20Repos/biciapp/,root))),true,None)
Sending msg to client play-fork-run-cc2d4232-823d-4d39-9b06-5dfa4a1ca719: TaskFinished(10,627,None,true,None)
Sending msg to client play-fork-run-cc2d4232-823d-4d39-9b06-5dfa4a1ca719: TaskFinished(10,599,Some(AttributeKey[scala.collection.immutable.Map[org.apache.ivy.core.module.id.ModuleRevisionId,org.apache.ivy.core.module.descriptor.ModuleDescriptor]]("projectDescriptors") in Scope(Build: file:/Users/Ger/Documents/Ger%20Repos/biciapp/, , Project: ProjectReference(file:/Users/Ger/Documents/Ger%20Repos/biciapp/,root))),true,None)
Sending msg to client play-fork-run-cc2d4232-823d-4d39-9b06-5dfa4a1ca719: TaskStarted(10,598,Some(AttributeKey[sbt.Resolver]("projectResolver") in Scope(Build: file:/Users/Ger/Documents/Ger%20Repos/biciapp/, , Project: ProjectReference(file:/Users/Ger/Documents/Ger%20Repos/biciapp/,root))))
Sending msg to client play-fork-run-cc2d4232-823d-4d39-9b06-5dfa4a1ca719: TaskFinished(10,633,Some(AttributeKey[scala.collection.Seq[sbt.Attributed[java.io.File]]]("unmanagedJars") in Scope(Build: file:/Users/Ger/Documents/Ger%20Repos/biciapp/, , Project: ProjectReference(file:/Users/Ger/Documents/Ger%20Repos/biciapp/,root), Config: compile)),true,None)
Sending msg to client play-fork-run-cc2d4232-823d-4d39-9b06-5dfa4a1ca719: TaskStarted(10,642,None)
Sending msg to client play-fork-run-cc2d4232-823d-4d39-9b06-5dfa4a1ca719: TaskFinished(10,638,Some(AttributeKey[scala.collection.Seq[sbt.Attributed[java.io.File]]]("unmanagedJars") in Scope(Build: file:/Users/Ger/Documents/Ger%20Repos/biciapp/, , Project: ProjectReference(file:/Users/Ger/Documents/Ger%20Repos/biciapp/,root), Config: runtime)),true,None)
Sending msg to client play-fork-run-cc2d4232-823d-4d39-9b06-5dfa4a1ca719: TaskFinished(10,598,Some(AttributeKey[sbt.Resolver]("projectResolver") in Scope(Build: file:/Users/Ger/Documents/Ger%20Repos/biciapp/, , Project: ProjectReference(file:/Users/Ger/Documents/Ger%20Repos/biciapp/,root))),true,None)
Sending msg to client play-fork-run-cc2d4232-823d-4d39-9b06-5dfa4a1ca719: TaskStarted(10,596,Some(AttributeKey[scala.collection.Seq[sbt.Resolver]]("fullResolvers") in Scope(Build: file:/Users/Ger/Documents/Ger%20Repos/biciapp/, , Project: ProjectReference(file:/Users/Ger/Documents/Ger%20Repos/biciapp/,root))))
Sending msg to client play-fork-run-cc2d4232-823d-4d39-9b06-5dfa4a1ca719: TaskFinished(10,642,None,true,None)
Sending msg to client play-fork-run-cc2d4232-823d-4d39-9b06-5dfa4a1ca719: TaskFinished(10,636,None,true,None)
Sending msg to client play-fork-run-cc2d4232-823d-4d39-9b06-5dfa4a1ca719: TaskStarted(10,632,Some(AttributeKey[scala.collection.Seq[sbt.Attributed[java.io.File]]]("unmanagedJars") in Scope(Build: file:/Users/Ger/Documents/Ger%20Repos/biciapp/, , Project: ProjectReference(file:/Users/Ger/Documents/Ger%20Repos/biciapp/,root), Config: compile)))
Sending msg to client play-fork-run-cc2d4232-823d-4d39-9b06-5dfa4a1ca719: TaskFinished(10,596,Some(AttributeKey[scala.collection.Seq[sbt.Resolver]]("fullResolvers") in Scope(Build: file:/Users/Ger/Documents/Ger%20Repos/biciapp/, , Project: ProjectReference(file:/Users/Ger/Documents/Ger%20Repos/biciapp/,root))),true,None)
Sending msg to client play-fork-run-cc2d4232-823d-4d39-9b06-5dfa4a1ca719: TaskStarted(10,594,Some(AttributeKey[sbt.IvyConfiguration]("ivyConfiguration") in Scope(Build: file:/Users/Ger/Documents/Ger%20Repos/biciapp/, , Project: ProjectReference(file:/Users/Ger/Documents/Ger%20Repos/biciapp/,root))))
Sending msg to client play-fork-run-cc2d4232-823d-4d39-9b06-5dfa4a1ca719: TaskFinished(10,632,Some(AttributeKey[scala.collection.Seq[sbt.Attributed[java.io.File]]]("unmanagedJars") in Scope(Build: file:/Users/Ger/Documents/Ger%20Repos/biciapp/, , Project: ProjectReference(file:/Users/Ger/Documents/Ger%20Repos/biciapp/,root), Config: compile)),true,None)
Sending msg to client play-fork-run-cc2d4232-823d-4d39-9b06-5dfa4a1ca719: TaskStarted(10,631,None)
Sending msg to client play-fork-run-cc2d4232-823d-4d39-9b06-5dfa4a1ca719: TaskFinished(10,594,Some(AttributeKey[sbt.IvyConfiguration]("ivyConfiguration") in Scope(Build: file:/Users/Ger/Documents/Ger%20Repos/biciapp/, , Project: ProjectReference(file:/Users/Ger/Documents/Ger%20Repos/biciapp/,root))),true,None)
Sending msg to client play-fork-run-cc2d4232-823d-4d39-9b06-5dfa4a1ca719: TaskStarted(10,593,Some(AttributeKey[sbt.IvySbt]("ivySbt") in Scope(Build: file:/Users/Ger/Documents/Ger%20Repos/biciapp/, , Project: ProjectReference(file:/Users/Ger/Documents/Ger%20Repos/biciapp/,root))))
Sending msg to client play-fork-run-cc2d4232-823d-4d39-9b06-5dfa4a1ca719: TaskFinished(10,631,None,true,None)
Sending msg to client play-fork-run-cc2d4232-823d-4d39-9b06-5dfa4a1ca719: TaskStarted(10,630,None)
Sending msg to client play-fork-run-cc2d4232-823d-4d39-9b06-5dfa4a1ca719: TaskFinished(10,593,Some(AttributeKey[sbt.IvySbt]("ivySbt") in Scope(Build: file:/Users/Ger/Documents/Ger%20Repos/biciapp/, , Project: ProjectReference(file:/Users/Ger/Documents/Ger%20Repos/biciapp/,root))),true,None)
Sending msg to client play-fork-run-cc2d4232-823d-4d39-9b06-5dfa4a1ca719: TaskStarted(10,586,Some(AttributeKey[sbt.IvySbt$Module]("ivyModule") in Scope(Build: file:/Users/Ger/Documents/Ger%20Repos/biciapp/, , Project: ProjectReference(file:/Users/Ger/Documents/Ger%20Repos/biciapp/,root))))
Sending msg to client play-fork-run-cc2d4232-823d-4d39-9b06-5dfa4a1ca719: TaskFinished(10,630,None,true,None)
Sending msg to client play-fork-run-cc2d4232-823d-4d39-9b06-5dfa4a1ca719: TaskFinished(10,618,None,true,None)
Sending msg to client play-fork-run-cc2d4232-823d-4d39-9b06-5dfa4a1ca719: TaskStarted(10,616,Some(AttributeKey[scala.collection.Seq[sbt.Attributed[java.io.File]]]("unmanagedClasspath") in Scope(Build: file:/Users/Ger/Documents/Ger%20Repos/biciapp/, , Project: ProjectReference(file:/Users/Ger/Documents/Ger%20Repos/biciapp/,root), Config: runtime)))
Sending msg to client play-fork-run-cc2d4232-823d-4d39-9b06-5dfa4a1ca719: TaskFinished(10,586,Some(AttributeKey[sbt.IvySbt$Module]("ivyModule") in Scope(Build: file:/Users/Ger/Documents/Ger%20Repos/biciapp/, , Project: ProjectReference(file:/Users/Ger/Documents/Ger%20Repos/biciapp/,root))),true,None)
Sending msg to client play-fork-run-cc2d4232-823d-4d39-9b06-5dfa4a1ca719: TaskStarted(10,584,Some(AttributeKey[sbt.UpdateReport]("update") in Scope(Build: file:/Users/Ger/Documents/Ger%20Repos/biciapp/, , Project: ProjectReference(file:/Users/Ger/Documents/Ger%20Repos/biciapp/,root))))
Sending msg to client play-fork-run-cc2d4232-823d-4d39-9b06-5dfa4a1ca719: TaskFinished(10,616,Some(AttributeKey[scala.collection.Seq[sbt.Attributed[java.io.File]]]("unmanagedClasspath") in Scope(Build: file:/Users/Ger/Documents/Ger%20Repos/biciapp/, , Project: ProjectReference(file:/Users/Ger/Documents/Ger%20Repos/biciapp/,root), Config: runtime)),true,None)
Sending msg to client play-fork-run-cc2d4232-823d-4d39-9b06-5dfa4a1ca719: TaskFinished(10,584,Some(AttributeKey[sbt.UpdateReport]("update") in Scope(Build: file:/Users/Ger/Documents/Ger%20Repos/biciapp/, , Project: ProjectReference(file:/Users/Ger/Documents/Ger%20Repos/biciapp/,root))),true,None)
Sending msg to client play-fork-run-cc2d4232-823d-4d39-9b06-5dfa4a1ca719: TaskStarted(10,583,Some(AttributeKey[sbt.UpdateReport]("update") in Scope(Build: file:/Users/Ger/Documents/Ger%20Repos/biciapp/, , Project: ProjectReference(file:/Users/Ger/Documents/Ger%20Repos/biciapp/,root))))
Sending msg to client play-fork-run-cc2d4232-823d-4d39-9b06-5dfa4a1ca719: TaskFinished(10,583,Some(AttributeKey[sbt.UpdateReport]("update") in Scope(Build: file:/Users/Ger/Documents/Ger%20Repos/biciapp/, , Project: ProjectReference(file:/Users/Ger/Documents/Ger%20Repos/biciapp/,root))),true,None)
Sending msg to client play-fork-run-cc2d4232-823d-4d39-9b06-5dfa4a1ca719: TaskStarted(10,581,Some(AttributeKey[sbt.Configuration]("classpathConfiguration") in Scope(Build: file:/Users/Ger/Documents/Ger%20Repos/biciapp/, , Project: ProjectReference(file:/Users/Ger/Documents/Ger%20Repos/biciapp/,root), Config: compile)))
Sending msg to client play-fork-run-cc2d4232-823d-4d39-9b06-5dfa4a1ca719: TaskStarted(10,620,Some(AttributeKey[scala.collection.Seq[sbt.Attributed[java.io.File]]]("managedClasspath") in Scope(Build: file:/Users/Ger/Documents/Ger%20Repos/biciapp/, , Project: ProjectReference(file:/Users/Ger/Documents/Ger%20Repos/biciapp/,root), Config: docs)))
Sending msg to client play-fork-run-cc2d4232-823d-4d39-9b06-5dfa4a1ca719: TaskFinished(10,581,Some(AttributeKey[sbt.Configuration]("classpathConfiguration") in Scope(Build: file:/Users/Ger/Documents/Ger%20Repos/biciapp/, , Project: ProjectReference(file:/Users/Ger/Documents/Ger%20Repos/biciapp/,root), Config: compile)),true,None)
Sending msg to client play-fork-run-cc2d4232-823d-4d39-9b06-5dfa4a1ca719: TaskStarted(10,580,None)
Sending msg to client play-fork-run-cc2d4232-823d-4d39-9b06-5dfa4a1ca719: TaskFinished(10,620,Some(AttributeKey[scala.collection.Seq[sbt.Attributed[java.io.File]]]("managedClasspath") in Scope(Build: file:/Users/Ger/Documents/Ger%20Repos/biciapp/, , Project: ProjectReference(file:/Users/Ger/Documents/Ger%20Repos/biciapp/,root), Config: docs)),true,None)
Sending msg to client play-fork-run-cc2d4232-823d-4d39-9b06-5dfa4a1ca719: TaskStarted(10,619,Some(AttributeKey[scala.Option[java.io.File]]("playDocsJar") in Scope(Build: file:/Users/Ger/Documents/Ger%20Repos/biciapp/, , Project: ProjectReference(file:/Users/Ger/Documents/Ger%20Repos/biciapp/,root))))
Sending msg to client play-fork-run-cc2d4232-823d-4d39-9b06-5dfa4a1ca719: TaskFinished(10,580,None,true,None)
Sending msg to client play-fork-run-cc2d4232-823d-4d39-9b06-5dfa4a1ca719: TaskStarted(10,579,Some(AttributeKey[sbt.Configuration]("classpathConfiguration") in Scope(Build: file:/Users/Ger/Documents/Ger%20Repos/biciapp/, , Project: ProjectReference(file:/Users/Ger/Documents/Ger%20Repos/biciapp/,root), Config: runtime)))
Sending msg to client play-fork-run-cc2d4232-823d-4d39-9b06-5dfa4a1ca719: TaskFinished(10,619,Some(AttributeKey[scala.Option[java.io.File]]("playDocsJar") in Scope(Build: file:/Users/Ger/Documents/Ger%20Repos/biciapp/, , Project: ProjectReference(file:/Users/Ger/Documents/Ger%20Repos/biciapp/,root))),true,None)
Sending msg to client play-fork-run-cc2d4232-823d-4d39-9b06-5dfa4a1ca719: TaskFinished(10,579,Some(AttributeKey[sbt.Configuration]("classpathConfiguration") in Scope(Build: file:/Users/Ger/Documents/Ger%20Repos/biciapp/, , Project: ProjectReference(file:/Users/Ger/Documents/Ger%20Repos/biciapp/,root), Config: runtime)),true,None)
Sending msg to client play-fork-run-cc2d4232-823d-4d39-9b06-5dfa4a1ca719: TaskStarted(10,578,None)
Sending msg to client play-fork-run-cc2d4232-823d-4d39-9b06-5dfa4a1ca719: TaskFinished(10,578,None,true,None)
Sending msg to client play-fork-run-cc2d4232-823d-4d39-9b06-5dfa4a1ca719: TaskStarted(10,576,Some(AttributeKey[scala.collection.Seq[sbt.Attributed[java.io.File]]]("managedClasspath") in Scope(Build: file:/Users/Ger/Documents/Ger%20Repos/biciapp/, , Project: ProjectReference(file:/Users/Ger/Documents/Ger%20Repos/biciapp/,root), Config: runtime)))
Sending msg to client play-fork-run-cc2d4232-823d-4d39-9b06-5dfa4a1ca719: TaskFinished(10,576,Some(AttributeKey[scala.collection.Seq[sbt.Attributed[java.io.File]]]("managedClasspath") in Scope(Build: file:/Users/Ger/Documents/Ger%20Repos/biciapp/, , Project: ProjectReference(file:/Users/Ger/Documents/Ger%20Repos/biciapp/,root), Config: runtime)),true,None)
Sending msg to client play-fork-run-cc2d4232-823d-4d39-9b06-5dfa4a1ca719: TaskStarted(10,575,None)
Sending msg to client play-fork-run-cc2d4232-823d-4d39-9b06-5dfa4a1ca719: TaskFinished(10,575,None,true,None)
Sending msg to client play-fork-run-cc2d4232-823d-4d39-9b06-5dfa4a1ca719: TaskStarted(10,572,Some(AttributeKey[scala.collection.Seq[sbt.Attributed[java.io.File]]]("playDependencyClasspath") in Scope(Build: file:/Users/Ger/Documents/Ger%20Repos/biciapp/, , Project: ProjectReference(file:/Users/Ger/Documents/Ger%20Repos/biciapp/,root))))
Sending msg to client play-fork-run-cc2d4232-823d-4d39-9b06-5dfa4a1ca719: TaskFinished(10,572,Some(AttributeKey[scala.collection.Seq[sbt.Attributed[java.io.File]]]("playDependencyClasspath") in Scope(Build: file:/Users/Ger/Documents/Ger%20Repos/biciapp/, , Project: ProjectReference(file:/Users/Ger/Documents/Ger%20Repos/biciapp/,root))),true,None)
Sending msg to client play-fork-run-cc2d4232-823d-4d39-9b06-5dfa4a1ca719: TaskStarted(10,571,Some(AttributeKey[play.forkrun.protocol.ForkConfig]("playForkConfig") in Scope(Build: file:/Users/Ger/Documents/Ger%20Repos/biciapp/, , Project: ProjectReference(file:/Users/Ger/Documents/Ger%20Repos/biciapp/,root))))
Sending msg to client play-fork-run-cc2d4232-823d-4d39-9b06-5dfa4a1ca719: TaskFinished(10,571,Some(AttributeKey[play.forkrun.protocol.ForkConfig]("playForkConfig") in Scope(Build: file:/Users/Ger/Documents/Ger%20Repos/biciapp/, , Project: ProjectReference(file:/Users/Ger/Documents/Ger%20Repos/biciapp/,root))),true,None)
Sending msg to client play-fork-run-cc2d4232-823d-4d39-9b06-5dfa4a1ca719: ValueChanged(AttributeKey[play.forkrun.protocol.ForkConfig]("playForkConfig") in Scope(Build: file:/Users/Ger/Documents/Ger%20Repos/biciapp/, , Project: ProjectReference(file:/Users/Ger/Documents/Ger%20Repos/biciapp/,root)),TaskSuccess(BuildValue(LazyValue(ForkConfig(/Users/Ger/Documents/Ger Repos/biciapp,List(),List(/Users/Ger/.ivy2/cache/org.scala-lang/scala-compiler/jars/scala-compiler-2.11.6.jar, /Users/Ger/.ivy2/cache/org.scala-lang/scala-library/jars/scala-library-2.11.6.jar, /Users/Ger/.ivy2/cache/org.scala-lang/scala-reflect/jars/scala-reflect-2.11.6.jar, /Users/Ger/.ivy2/cache/org.scala-lang.modules/scala-xml_2.11/bundles/scala-xml_2.11-1.0.3.jar, /Users/Ger/.ivy2/cache/org.scala-lang.modules/scala-parser-combinators_2.11/bundles/scala-parser-combinators_2.11-1.0.3.jar, /Users/Ger/.ivy2/cache/com.typesafe.play/twirl-api_2.11/jars/twirl-api_2.11-1.1.1.jar, /Users/Ger/.ivy2/cache/org.apache.commons/commons-lang3/jars/commons-lang3-3.4.jar, /Users/Ger/.ivy2/cache/com.typesafe.play/play-enhancer/jars/play-enhancer-1.1.0.jar, /Users/Ger/.ivy2/cache/com.typesafe.play/play-server_2.11/jars/play-server_2.11-2.4.3.jar, /Users/Ger/.ivy2/cache/com.typesafe.play/play_2.11/jars/play_2.11-2.4.3.jar, /Users/Ger/.ivy2/cache/com.typesafe.play/build-link/jars/build-link-2.4.3.jar, /Users/Ger/.ivy2/cache/com.typesafe.play/play-exceptions/jars/play-exceptions-2.4.3.jar, /Users/Ger/.ivy2/cache/org.javassist/javassist/bundles/javassist-3.19.0-GA.jar, /Users/Ger/.ivy2/cache/com.typesafe.play/play-iteratees_2.11/jars/play-iteratees_2.11-2.4.3.jar, /Users/Ger/.ivy2/cache/org.scala-stm/scala-stm_2.11/jars/scala-stm_2.11-0.7.jar, /Users/Ger/.ivy2/cache/com.typesafe/config/bundles/config-1.3.0.jar, /Users/Ger/.ivy2/cache/com.typesafe.play/play-json_2.11/jars/play-json_2.11-2.4.3.jar, /Users/Ger/.ivy2/cache/com.typesafe.play/play-functional_2.11/jars/play-functional_2.11-2.4.3.jar, /Users/Ger/.ivy2/cache/com.typesafe.play/play-datacommons_2.11/jars/play-datacommons_2.11-2.4.3.jar, /Users/Ger/.ivy2/cache/joda-time/joda-time/jars/joda-time-2.8.1.jar, /Users/Ger/.ivy2/cache/org.joda/joda-convert/jars/joda-convert-1.7.jar, /Users/Ger/.ivy2/cache/com.fasterxml.jackson.core/jackson-core/bundles/jackson-core-2.5.4.jar, /Users/Ger/.ivy2/cache/com.fasterxml.jackson.core/jackson-annotations/bundles/jackson-annotations-2.5.4.jar, /Users/Ger/.ivy2/cache/com.fasterxml.jackson.core/jackson-databind/bundles/jackson-databind-2.5.4.jar, /Users/Ger/.ivy2/cache/com.fasterxml.jackson.datatype/jackson-datatype-jdk8/bundles/jackson-datatype-jdk8-2.5.4.jar, /Users/Ger/.ivy2/cache/com.fasterxml.jackson.datatype/jackson-datatype-jsr310/bundles/jackson-datatype-jsr310-2.5.4.jar, /Users/Ger/.ivy2/cache/com.typesafe.play/play-netty-utils/jars/play-netty-utils-2.4.3.jar, /Users/Ger/.ivy2/cache/org.slf4j/slf4j-api/jars/slf4j-api-1.7.12.jar, /Users/Ger/.ivy2/cache/org.slf4j/jul-to-slf4j/jars/jul-to-slf4j-1.7.12.jar, /Users/Ger/.ivy2/cache/org.slf4j/jcl-over-slf4j/jars/jcl-over-slf4j-1.7.12.jar, /Users/Ger/.ivy2/cache/ch.qos.logback/logback-core/jars/logback-core-1.1.3.jar, /Users/Ger/.ivy2/cache/ch.qos.logback/logback-classic/jars/logback-classic-1.1.3.jar, /Users/Ger/.ivy2/cache/com.typesafe.akka/akka-actor_2.11/jars/akka-actor_2.11-2.3.13.jar, /Users/Ger/.ivy2/cache/com.typesafe.akka/akka-slf4j_2.11/jars/akka-slf4j_2.11-2.3.13.jar, /Users/Ger/.ivy2/cache/commons-codec/commons-codec/jars/commons-codec-1.10.jar, /Users/Ger/.ivy2/cache/xerces/xercesImpl/jars/xercesImpl-2.11.0.jar, /Users/Ger/.ivy2/cache/xml-apis/xml-apis/jars/xml-apis-1.4.01.jar, /Users/Ger/.ivy2/cache/javax.transaction/jta/jars/jta-1.1.jar, /Users/Ger/.ivy2/cache/com.google.inject/guice/jars/guice-4.0.jar, /Users/Ger/.ivy2/cache/javax.inject/javax.inject/jars/javax.inject-1.jar, /Users/Ger/.ivy2/cache/aopalliance/aopalliance/jars/aopalliance-1.0.jar, /Users/Ger/.ivy2/cache/com.google.inject.extensions/guice-assistedinject/jars/guice-assistedinject-4.0.jar, /Users/Ger/.ivy2/cache/com.typesafe.play/play-java_2.11/jars/play-java_2.11-2.4.3.jar, /Users/Ger/.ivy2/cache/org.scala-lang.modules/scala-java8-compat_2.11/bundles/scala-java8-compat_2.11-0.3.0.jar, /Users/Ger/.ivy2/cache/org.yaml/snakeyaml/bundles/snakeyaml-1.15.jar, /Users/Ger/.ivy2/cache/org.hibernate/hibernate-validator/jars/hibernate-validator-5.0.3.Final.jar, /Users/Ger/.ivy2/cache/javax.validation/validation-api/jars/validation-api-1.1.0.Final.jar, /Users/Ger/.ivy2/cache/com.fasterxml/classmate/bundles/classmate-1.0.0.jar, /Users/Ger/.ivy2/cache/org.jboss.logging/jboss-logging/jars/jboss-logging-3.2.1.Final.jar, /Users/Ger/.ivy2/cache/org.springframework/spring-context/jars/spring-context-4.1.6.RELEASE.jar, /Users/Ger/.ivy2/cache/org.springframework/spring-core/jars/spring-core-4.1.6.RELEASE.jar, /Users/Ger/.ivy2/cache/org.springframework/spring-beans/jars/spring-beans-4.1.6.RELEASE.jar, /Users/Ger/.ivy2/cache/org.reflections/reflections/jars/reflections-0.9.9.jar, /Users/Ger/.ivy2/cache/com.google.guava/guava/bundles/guava-18.0.jar, /Users/Ger/.ivy2/cache/com.google.code.findbugs/annotations/jars/annotations-2.0.1.jar, /Users/Ger/.ivy2/cache/net.jodah/typetools/bundles/typetools-0.4.1.jar, /Users/Ger/.ivy2/cache/com.google.code.findbugs/jsr305/jars/jsr305-2.0.3.jar, /Users/Ger/.ivy2/cache/org.apache.tomcat/tomcat-servlet-api/jars/tomcat-servlet-api-8.0.21.jar, /Users/Ger/.ivy2/cache/com.typesafe.play/play-netty-server_2.11/jars/play-netty-server_2.11-2.4.3.jar, /Users/Ger/.ivy2/cache/io.netty/netty/bundles/netty-3.10.4.Final.jar, /Users/Ger/.ivy2/cache/com.typesafe.netty/netty-http-pipelining/jars/netty-http-pipelining-1.1.4.jar, /Users/Ger/.ivy2/cache/com.typesafe.play/play-java-jdbc_2.11/jars/play-java-jdbc_2.11-2.4.3.jar, /Users/Ger/.ivy2/cache/com.typesafe.play/play-jdbc_2.11/jars/play-jdbc_2.11-2.4.3.jar, /Users/Ger/.ivy2/cache/com.typesafe.play/play-jdbc-api_2.11/jars/play-jdbc-api_2.11-2.4.3.jar, /Users/Ger/.ivy2/cache/com.jolbox/bonecp/bundles/bonecp-0.8.0.RELEASE.jar, /Users/Ger/.ivy2/cache/com.zaxxer/HikariCP/bundles/HikariCP-2.3.7.jar, /Users/Ger/.ivy2/cache/com.h2database/h2/jars/h2-1.4.187.jar, /Users/Ger/.ivy2/cache/tyrex/tyrex/jars/tyrex-1.0.1.jar, /Users/Ger/.ivy2/cache/com.typesafe.play/play-cache_2.11/jars/play-cache_2.11-2.4.3.jar, /Users/Ger/.ivy2/cache/net.sf.ehcache/ehcache-core/jars/ehcache-core-2.6.11.jar, /Users/Ger/.ivy2/cache/com.typesafe.play/play-java-ws_2.11/jars/play-java-ws_2.11-2.4.3.jar, /Users/Ger/.ivy2/cache/com.typesafe.play/play-ws_2.11/jars/play-ws_2.11-2.4.3.jar, /Users/Ger/.ivy2/cache/com.ning/async-http-client/jars/async-http-client-1.9.21.jar, /Users/Ger/.ivy2/cache/oauth.signpost/signpost-core/jars/signpost-core-1.2.1.2.jar, /Users/Ger/.ivy2/cache/oauth.signpost/signpost-commonshttp4/jars/signpost-commonshttp4-1.2.1.2.jar, /Users/Ger/.ivy2/cache/org.apache.httpcomponents/httpcore/jars/httpcore-4.0.1.jar, /Users/Ger/.ivy2/cache/org.apache.httpcomponents/httpclient/jars/httpclient-4.0.1.jar, /Users/Ger/.ivy2/cache/commons-logging/commons-logging/jars/commons-logging-1.1.1.jar, /Users/Ger/.ivy2/cache/org.jongo/jongo/jars/jongo-1.2.jar, /Users/Ger/.ivy2/cache/de.undercouch/bson4jackson/jars/bson4jackson-2.4.0.jar, /Users/Ger/.ivy2/cache/org.mongodb/mongo-java-driver/jars/mongo-java-driver-3.0.4.jar),List((public/,/Users/Ger/Documents/Ger Repos/biciapp/target/web/public/main)),List(/Users/Ger/.ivy2/cache/com.typesafe.play/play-omnidoc_2.11/jars/play-omnidoc_2.11-2.4.3.jar, /Users/Ger/.ivy2/cache/org.scala-lang/scala-library/jars/scala-library-2.11.6.jar, /Users/Ger/.ivy2/cache/com.typesafe.play/play-docs_2.11/jars/play-docs_2.11-2.4.3.jar, /Users/Ger/.ivy2/cache/com.typesafe.play/play-netty-server_2.11/jars/play-netty-server_2.11-2.4.3.jar, /Users/Ger/.ivy2/cache/com.typesafe.play/play-server_2.11/jars/play-server_2.11-2.4.3.jar, /Users/Ger/.ivy2/cache/com.typesafe.play/play_2.11/jars/play_2.11-2.4.3.jar, /Users/Ger/.ivy2/cache/com.typesafe.play/build-link/jars/build-link-2.4.3.jar, /Users/Ger/.ivy2/cache/com.typesafe.play/play-exceptions/jars/play-exceptions-2.4.3.jar, /Users/Ger/.ivy2/cache/org.javassist/javassist/bundles/javassist-3.19.0-GA.jar, /Users/Ger/.ivy2/cache/com.typesafe.play/play-iteratees_2.11/jars/play-iteratees_2.11-2.4.3.jar, /Users/Ger/.ivy2/cache/org.scala-stm/scala-stm_2.11/jars/scala-stm_2.11-0.7.jar, /Users/Ger/.ivy2/cache/com.typesafe/config/bundles/config-1.3.0.jar, /Users/Ger/.ivy2/cache/com.typesafe.play/play-json_2.11/jars/play-json_2.11-2.4.3.jar, /Users/Ger/.ivy2/cache/com.typesafe.play/play-functional_2.11/jars/play-functional_2.11-2.4.3.jar, /Users/Ger/.ivy2/cache/com.typesafe.play/play-datacommons_2.11/jars/play-datacommons_2.11-2.4.3.jar, /Users/Ger/.ivy2/cache/joda-time/joda-time/jars/joda-time-2.8.1.jar, /Users/Ger/.ivy2/cache/org.joda/joda-convert/jars/joda-convert-1.7.jar, /Users/Ger/.ivy2/cache/org.scala-lang/scala-reflect/jars/scala-reflect-2.11.6.jar, /Users/Ger/.ivy2/cache/com.fasterxml.jackson.core/jackson-core/bundles/jackson-core-2.5.4.jar, /Users/Ger/.ivy2/cache/com.fasterxml.jackson.core/jackson-annotations/bundles/jackson-annotations-2.5.4.jar, /Users/Ger/.ivy2/cache/com.fasterxml.jackson.core/jackson-databind/bundles/jackson-databind-2.5.4.jar, /Users/Ger/.ivy2/cache/com.fasterxml.jackson.datatype/jackson-datatype-jdk8/bundles/jackson-datatype-jdk8-2.5.4.jar, /Users/Ger/.ivy2/cache/com.fasterxml.jackson.datatype/jackson-datatype-jsr310/bundles/jackson-datatype-jsr310-2.5.4.jar, /Users/Ger/.ivy2/cache/com.typesafe.play/play-netty-utils/jars/play-netty-utils-2.4.3.jar, /Users/Ger/.ivy2/cache/org.slf4j/slf4j-api/jars/slf4j-api-1.7.12.jar, /Users/Ger/.ivy2/cache/org.slf4j/jul-to-slf4j/jars/jul-to-slf4j-1.7.12.jar, /Users/Ger/.ivy2/cache/org.slf4j/jcl-over-slf4j/jars/jcl-over-slf4j-1.7.12.jar, /Users/Ger/.ivy2/cache/com.typesafe.play/twirl-api_2.11/jars/twirl-api_2.11-1.1.1.jar, /Users/Ger/.ivy2/cache/org.apache.commons/commons-lang3/jars/commons-lang3-3.4.jar, /Users/Ger/.ivy2/cache/org.scala-lang.modules/scala-xml_2.11/bundles/scala-xml_2.11-1.0.1.jar, /Users/Ger/.ivy2/cache/org.scala-lang.modules/scala-parser-combinators_2.11/bundles/scala-parser-combinators_2.11-1.0.1.jar, /Users/Ger/.ivy2/cache/ch.qos.logback/logback-core/jars/logback-core-1.1.3.jar, /Users/Ger/.ivy2/cache/ch.qos.logback/logback-classic/jars/logback-classic-1.1.3.jar, /Users/Ger/.ivy2/cache/com.typesafe.akka/akka-actor_2.11/jars/akka-actor_2.11-2.3.13.jar, /Users/Ger/.ivy2/cache/com.typesafe.akka/akka-slf4j_2.11/jars/akka-slf4j_2.11-2.3.13.jar, /Users/Ger/.ivy2/cache/commons-codec/commons-codec/jars/commons-codec-1.10.jar, /Users/Ger/.ivy2/cache/xerces/xercesImpl/jars/xercesImpl-2.11.0.jar, /Users/Ger/.ivy2/cache/xml-apis/xml-apis/jars/xml-apis-1.4.01.jar, /Users/Ger/.ivy2/cache/javax.transaction/jta/jars/jta-1.1.jar, /Users/Ger/.ivy2/cache/com.google.inject/guice/jars/guice-4.0.jar, /Users/Ger/.ivy2/cache/javax.inject/javax.inject/jars/javax.inject-1.jar, /Users/Ger/.ivy2/cache/aopalliance/aopalliance/jars/aopalliance-1.0.jar, /Users/Ger/.ivy2/cache/com.google.guava/guava/bundles/guava-16.0.1.jar, /Users/Ger/.ivy2/cache/com.google.inject.extensions/guice-assistedinject/jars/guice-assistedinject-4.0.jar, /Users/Ger/.ivy2/cache/io.netty/netty/bundles/netty-3.10.4.Final.jar, /Users/Ger/.ivy2/cache/com.typesafe.netty/netty-http-pipelining/jars/netty-http-pipelining-1.1.4.jar, /Users/Ger/.ivy2/cache/com.typesafe.play/play-doc_2.11/jars/play-doc_2.11-1.2.2.jar, /Users/Ger/.ivy2/cache/org.pegdown/pegdown/jars/pegdown-1.4.0.jar, /Users/Ger/.ivy2/cache/org.parboiled/parboiled-java/bundles/parboiled-java-1.1.5.jar, /Users/Ger/.ivy2/cache/org.parboiled/parboiled-core/bundles/parboiled-core-1.1.5.jar, /Users/Ger/.ivy2/cache/org.ow2.asm/asm/jars/asm-4.1.jar, /Users/Ger/.ivy2/cache/org.ow2.asm/asm-tree/jars/asm-tree-4.1.jar, /Users/Ger/.ivy2/cache/org.ow2.asm/asm-analysis/jars/asm-analysis-4.1.jar, /Users/Ger/.ivy2/cache/org.ow2.asm/asm-util/jars/asm-util-4.1.jar, /Users/Ger/.ivy2/cache/commons-io/commons-io/jars/commons-io-2.4.jar),Some(/Users/Ger/.ivy2/cache/com.typesafe.play/play-omnidoc_2.11/jars/play-omnidoc_2.11-2.4.3.jar),List(),9000,0.0.0.0,DefaultWatchService,List(/Users/Ger/Documents/Ger Repos/biciapp/public, /Users/Ger/Documents/Ger Repos/biciapp/conf, /Users/Ger/Documents/Ger Repos/biciapp/app),/Users/Ger/Documents/Ger Repos/biciapp/target,500,root/playForkNotifyStart,root/playForkReload,300000,play.core.server.DevServerStart),scala.pickling.PicklerUnpickler$DelegatingPicklerUnpickler@57d79a51),ForkConfig(/Users/Ger/Documents/Ger Repos/biciapp,List(),List(/Users/Ger/.ivy2/cache/org.scala-lang/scala-compiler/jars/scala-compiler-2.11.6.jar, /Users/Ger/.ivy2/cache/org.scala-lang/scala-library/jars/scala-library-2.11.6.jar, /Users/Ger/.ivy2/cache/org.scala-lang/scala-reflect/jars/scala-reflect-2.11.6.jar, /Users/Ger/.ivy2/cache/org.scala-lang.modules/scala-xml_2.11/bundles/scala-xml_2.11-1.0.3.jar, /Users/Ger/.ivy2/cache/org.scala-lang.modules/scala-parser-combinators_2.11/bundles/scala-parser-combinators_2.11-1.0.3.jar, /Users/Ger/.ivy2/cache/com.typesafe.play/twirl-api_2.11/jars/twirl-api_2.11-1.1.1.jar, /Users/Ger/.ivy2/cache/org.apache.commons/commons-lang3/jars/commons-lang3-3.4.jar, /Users/Ger/.ivy2/cache/com.typesafe.play/play-enhancer/jars/play-enhancer-1.1.0.jar, /Users/Ger/.ivy2/cache/com.typesafe.play/play-server_2.11/jars/play-server_2.11-2.4.3.jar, /Users/Ger/.ivy2/cache/com.typesafe.play/play_2.11/jars/play_2.11-2.4.3.jar, /Users/Ger/.ivy2/cache/com.typesafe.play/build-link/jars/build-link-2.4.3.jar, /Users/Ger/.ivy2/cache/com.typesafe.play/play-exceptions/jars/play-exceptions-2.4.3.jar, /Users/Ger/.ivy2/cache/org.javassist/javassist/bundles/javassist-3.19.0-GA.jar, /Users/Ger/.ivy2/cache/com.typesafe.play/play-iteratees_2.11/jars/play-iteratees_2.11-2.4.3.jar, /Users/Ger/.ivy2/cache/org.scala-stm/scala-stm_2.11/jars/scala-stm_2.11-0.7.jar, /Users/Ger/.ivy2/cache/com.typesafe/config/bundles/config-1.3.0.jar, /Users/Ger/.ivy2/cache/com.typesafe.play/play-json_2.11/jars/play-json_2.11-2.4.3.jar, /Users/Ger/.ivy2/cache/com.typesafe.play/play-functional_2.11/jars/play-functional_2.11-2.4.3.jar, /Users/Ger/.ivy2/cache/com.typesafe.play/play-datacommons_2.11/jars/play-datacommons_2.11-2.4.3.jar, /Users/Ger/.ivy2/cache/joda-time/joda-time/jars/joda-time-2.8.1.jar, /Users/Ger/.ivy2/cache/org.joda/joda-convert/jars/joda-convert-1.7.jar, /Users/Ger/.ivy2/cache/com.fasterxml.jackson.core/jackson-core/bundles/jackson-core-2.5.4.jar, /Users/Ger/.ivy2/cache/com.fasterxml.jackson.core/jackson-annotations/bundles/jackson-annotations-2.5.4.jar, /Users/Ger/.ivy2/cache/com.fasterxml.jackson.core/jackson-databind/bundles/jackson-databind-2.5.4.jar, /Users/Ger/.ivy2/cache/com.fasterxml.jackson.datatype/jackson-datatype-jdk8/bundles/jackson-datatype-jdk8-2.5.4.jar, /Users/Ger/.ivy2/cache/com.fasterxml.jackson.datatype/jackson-datatype-jsr310/bundles/jackson-datatype-jsr310-2.5.4.jar, /Users/Ger/.ivy2/cache/com.typesafe.play/play-netty-utils/jars/play-netty-utils-2.4.3.jar, /Users/Ger/.ivy2/cache/org.slf4j/slf4j-api/jars/slf4j-api-1.7.12.jar, /Users/Ger/.ivy2/cache/org.slf4j/jul-to-slf4j/jars/jul-to-slf4j-1.7.12.jar, /Users/Ger/.ivy2/cache/org.slf4j/jcl-over-slf4j/jars/jcl-over-slf4j-1.7.12.jar, /Users/Ger/.ivy2/cache/ch.qos.logback/logback-core/jars/logback-core-1.1.3.jar, /Users/Ger/.ivy2/cache/ch.qos.logback/logback-classic/jars/logback-classic-1.1.3.jar, /Users/Ger/.ivy2/cache/com.typesafe.akka/akka-actor_2.11/jars/akka-actor_2.11-2.3.13.jar, /Users/Ger/.ivy2/cache/com.typesafe.akka/akka-slf4j_2.11/jars/akka-slf4j_2.11-2.3.13.jar, /Users/Ger/.ivy2/cache/commons-codec/commons-codec/jars/commons-codec-1.10.jar, /Users/Ger/.ivy2/cache/xerces/xercesImpl/jars/xercesImpl-2.11.0.jar, /Users/Ger/.ivy2/cache/xml-apis/xml-apis/jars/xml-apis-1.4.01.jar, /Users/Ger/.ivy2/cache/javax.transaction/jta/jars/jta-1.1.jar, /Users/Ger/.ivy2/cache/com.google.inject/guice/jars/guice-4.0.jar, /Users/Ger/.ivy2/cache/javax.inject/javax.inject/jars/javax.inject-1.jar, /Users/Ger/.ivy2/cache/aopalliance/aopalliance/jars/aopalliance-1.0.jar, /Users/Ger/.ivy2/cache/com.google.inject.extensions/guice-assistedinject/jars/guice-assistedinject-4.0.jar, /Users/Ger/.ivy2/cache/com.typesafe.play/play-java_2.11/jars/play-java_2.11-2.4.3.jar, /Users/Ger/.ivy2/cache/org.scala-lang.modules/scala-java8-compat_2.11/bundles/scala-java8-compat_2.11-0.3.0.jar, /Users/Ger/.ivy2/cache/org.yaml/snakeyaml/bundles/snakeyaml-1.15.jar, /Users/Ger/.ivy2/cache/org.hibernate/hibernate-validator/jars/hibernate-validator-5.0.3.Final.jar, /Users/Ger/.ivy2/cache/javax.validation/validation-api/jars/validation-api-1.1.0.Final.jar, /Users/Ger/.ivy2/cache/com.fasterxml/classmate/bundles/classmate-1.0.0.jar, /Users/Ger/.ivy2/cache/org.jboss.logging/jboss-logging/jars/jboss-logging-3.2.1.Final.jar, /Users/Ger/.ivy2/cache/org.springframework/spring-context/jars/spring-context-4.1.6.RELEASE.jar, /Users/Ger/.ivy2/cache/org.springframework/spring-core/jars/spring-core-4.1.6.RELEASE.jar, /Users/Ger/.ivy2/cache/org.springframework/spring-beans/jars/spring-beans-4.1.6.RELEASE.jar, /Users/Ger/.ivy2/cache/org.reflections/reflections/jars/reflections-0.9.9.jar, /Users/Ger/.ivy2/cache/com.google.guava/guava/bundles/guava-18.0.jar, /Users/Ger/.ivy2/cache/com.google.code.findbugs/annotations/jars/annotations-2.0.1.jar, /Users/Ger/.ivy2/cache/net.jodah/typetools/bundles/typetools-0.4.1.jar, /Users/Ger/.ivy2/cache/com.google.code.findbugs/jsr305/jars/jsr305-2.0.3.jar, /Users/Ger/.ivy2/cache/org.apache.tomcat/tomcat-servlet-api/jars/tomcat-servlet-api-8.0.21.jar, /Users/Ger/.ivy2/cache/com.typesafe.play/play-netty-server_2.11/jars/play-netty-server_2.11-2.4.3.jar, /Users/Ger/.ivy2/cache/io.netty/netty/bundles/netty-3.10.4.Final.jar, /Users/Ger/.ivy2/cache/com.typesafe.netty/netty-http-pipelining/jars/netty-http-pipelining-1.1.4.jar, /Users/Ger/.ivy2/cache/com.typesafe.play/play-java-jdbc_2.11/jars/play-java-jdbc_2.11-2.4.3.jar, /Users/Ger/.ivy2/cache/com.typesafe.play/play-jdbc_2.11/jars/play-jdbc_2.11-2.4.3.jar, /Users/Ger/.ivy2/cache/com.typesafe.play/play-jdbc-api_2.11/jars/play-jdbc-api_2.11-2.4.3.jar, /Users/Ger/.ivy2/cache/com.jolbox/bonecp/bundles/bonecp-0.8.0.RELEASE.jar, /Users/Ger/.ivy2/cache/com.zaxxer/HikariCP/bundles/HikariCP-2.3.7.jar, /Users/Ger/.ivy2/cache/com.h2database/h2/jars/h2-1.4.187.jar, /Users/Ger/.ivy2/cache/tyrex/tyrex/jars/tyrex-1.0.1.jar, /Users/Ger/.ivy2/cache/com.typesafe.play/play-cache_2.11/jars/play-cache_2.11-2.4.3.jar, /Users/Ger/.ivy2/cache/net.sf.ehcache/ehcache-core/jars/ehcache-core-2.6.11.jar, /Users/Ger/.ivy2/cache/com.typesafe.play/play-java-ws_2.11/jars/play-java-ws_2.11-2.4.3.jar, /Users/Ger/.ivy2/cache/com.typesafe.play/play-ws_2.11/jars/play-ws_2.11-2.4.3.jar, /Users/Ger/.ivy2/cache/com.ning/async-http-client/jars/async-http-client-1.9.21.jar, /Users/Ger/.ivy2/cache/oauth.signpost/signpost-core/jars/signpost-core-1.2.1.2.jar, /Users/Ger/.ivy2/cache/oauth.signpost/signpost-commonshttp4/jars/signpost-commonshttp4-1.2.1.2.jar, /Users/Ger/.ivy2/cache/org.apache.httpcomponents/httpcore/jars/httpcore-4.0.1.jar, /Users/Ger/.ivy2/cache/org.apache.httpcomponents/httpclient/jars/httpclient-4.0.1.jar, /Users/Ger/.ivy2/cache/commons-logging/commons-logging/jars/commons-logging-1.1.1.jar, /Users/Ger/.ivy2/cache/org.jongo/jongo/jars/jongo-1.2.jar, /Users/Ger/.ivy2/cache/de.undercouch/bson4jackson/jars/bson4jackson-2.4.0.jar, /Users/Ger/.ivy2/cache/org.mongodb/mongo-java-driver/jars/mongo-java-driver-3.0.4.jar),List((public/,/Users/Ger/Documents/Ger Repos/biciapp/target/web/public/main)),List(/Users/Ger/.ivy2/cache/com.typesafe.play/play-omnidoc_2.11/jars/play-omnidoc_2.11-2.4.3.jar, /Users/Ger/.ivy2/cache/org.scala-lang/scala-library/jars/scala-library-2.11.6.jar, /Users/Ger/.ivy2/cache/com.typesafe.play/play-docs_2.11/jars/play-docs_2.11-2.4.3.jar, /Users/Ger/.ivy2/cache/com.typesafe.play/play-netty-server_2.11/jars/play-netty-server_2.11-2.4.3.jar, /Users/Ger/.ivy2/cache/com.typesafe.play/play-server_2.11/jars/play-server_2.11-2.4.3.jar, /Users/Ger/.ivy2/cache/com.typesafe.play/play_2.11/jars/play_2.11-2.4.3.jar, /Users/Ger/.ivy2/cache/com.typesafe.play/build-link/jars/build-link-2.4.3.jar, /Users/Ger/.ivy2/cache/com.typesafe.play/play-exceptions/jars/play-exceptions-2.4.3.jar, /Users/Ger/.ivy2/cache/org.javassist/javassist/bundles/javassist-3.19.0-GA.jar, /Users/Ger/.ivy2/cache/com.typesafe.play/play-iteratees_2.11/jars/play-iteratees_2.11-2.4.3.jar, /Users/Ger/.ivy2/cache/org.scala-stm/scala-stm_2.11/jars/scala-stm_2.11-0.7.jar, /Users/Ger/.ivy2/cache/com.typesafe/config/bundles/config-1.3.0.jar, /Users/Ger/.ivy2/cache/com.typesafe.play/play-json_2.11/jars/play-json_2.11-2.4.3.jar, /Users/Ger/.ivy2/cache/com.typesafe.play/play-functional_2.11/jars/play-functional_2.11-2.4.3.jar, /Users/Ger/.ivy2/cache/com.typesafe.play/play-datacommons_2.11/jars/play-datacommons_2.11-2.4.3.jar, /Users/Ger/.ivy2/cache/joda-time/joda-time/jars/joda-time-2.8.1.jar, /Users/Ger/.ivy2/cache/org.joda/joda-convert/jars/joda-convert-1.7.jar, /Users/Ger/.ivy2/cache/org.scala-lang/scala-reflect/jars/scala-reflect-2.11.6.jar, /Users/Ger/.ivy2/cache/com.fasterxml.jackson.core/jackson-core/bundles/jackson-core-2.5.4.jar, /Users/Ger/.ivy2/cache/com.fasterxml.jackson.core/jackson-annotations/bundles/jackson-annotations-2.5.4.jar, /Users/Ger/.ivy2/cache/com.fasterxml.jackson.core/jackson-databind/bundles/jackson-databind-2.5.4.jar, /Users/Ger/.ivy2/cache/com.fasterxml.jackson.datatype/jackson-datatype-jdk8/bundles/jackson-datatype-jdk8-2.5.4.jar, /Users/Ger/.ivy2/cache/com.fasterxml.jackson.datatype/jackson-datatype-jsr310/bundles/jackson-datatype-jsr310-2.5.4.jar, /Users/Ger/.ivy2/cache/com.typesafe.play/play-netty-utils/jars/play-netty-utils-2.4.3.jar, /Users/Ger/.ivy2/cache/org.slf4j/slf4j-api/jars/slf4j-api-1.7.12.jar, /Users/Ger/.ivy2/cache/org.slf4j/jul-to-slf4j/jars/jul-to-slf4j-1.7.12.jar, /Users/Ger/.ivy2/cache/org.slf4j/jcl-over-slf4j/jars/jcl-over-slf4j-1.7.12.jar, /Users/Ger/.ivy2/cache/com.typesafe.play/twirl-api_2.11/jars/twirl-api_2.11-1.1.1.jar, /Users/Ger/.ivy2/cache/org.apache.commons/commons-lang3/jars/commons-lang3-3.4.jar, /Users/Ger/.ivy2/cache/org.scala-lang.modules/scala-xml_2.11/bundles/scala-xml_2.11-1.0.1.jar, /Users/Ger/.ivy2/cache/org.scala-lang.modules/scala-parser-combinators_2.11/bundles/scala-parser-combinators_2.11-1.0.1.jar, /Users/Ger/.ivy2/cache/ch.qos.logback/logback-core/jars/logback-core-1.1.3.jar, /Users/Ger/.ivy2/cache/ch.qos.logback/logback-classic/jars/logback-classic-1.1.3.jar, /Users/Ger/.ivy2/cache/com.typesafe.akka/akka-actor_2.11/jars/akka-actor_2.11-2.3.13.jar, /Users/Ger/.ivy2/cache/com.typesafe.akka/akka-slf4j_2.11/jars/akka-slf4j_2.11-2.3.13.jar, /Users/Ger/.ivy2/cache/commons-codec/commons-codec/jars/commons-codec-1.10.jar, /Users/Ger/.ivy2/cache/xerces/xercesImpl/jars/xercesImpl-2.11.0.jar, /Users/Ger/.ivy2/cache/xml-apis/xml-apis/jars/xml-apis-1.4.01.jar, /Users/Ger/.ivy2/cache/javax.transaction/jta/jars/jta-1.1.jar, /Users/Ger/.ivy2/cache/com.google.inject/guice/jars/guice-4.0.jar, /Users/Ger/.ivy2/cache/javax.inject/javax.inject/jars/javax.inject-1.jar, /Users/Ger/.ivy2/cache/aopalliance/aopalliance/jars/aopalliance-1.0.jar, /Users/Ger/.ivy2/cache/com.google.guava/guava/bundles/guava-16.0.1.jar, /Users/Ger/.ivy2/cache/com.google.inject.extensions/guice-assistedinject/jars/guice-assistedinject-4.0.jar, /Users/Ger/.ivy2/cache/io.netty/netty/bundles/netty-3.10.4.Final.jar, /Users/Ger/.ivy2/cache/com.typesafe.netty/netty-http-pipelining/jars/netty-http-pipelining-1.1.4.jar, /Users/Ger/.ivy2/cache/com.typesafe.play/play-doc_2.11/jars/play-doc_2.11-1.2.2.jar, /Users/Ger/.ivy2/cache/org.pegdown/pegdown/jars/pegdown-1.4.0.jar, /Users/Ger/.ivy2/cache/org.parboiled/parboiled-java/bundles/parboiled-java-1.1.5.jar, /Users/Ger/.ivy2/cache/org.parboiled/parboiled-core/bundles/parboiled-core-1.1.5.jar, /Users/Ger/.ivy2/cache/org.ow2.asm/asm/jars/asm-4.1.jar, /Users/Ger/.ivy2/cache/org.ow2.asm/asm-tree/jars/asm-tree-4.1.jar, /Users/Ger/.ivy2/cache/org.ow2.asm/asm-analysis/jars/asm-analysis-4.1.jar, /Users/Ger/.ivy2/cache/org.ow2.asm/asm-util/jars/asm-util-4.1.jar, /Users/Ger/.ivy2/cache/commons-io/commons-io/jars/commons-io-2.4.jar),Some(/Users/Ger/.ivy2/cache/com.typesafe.play/play-omnidoc_2.11/jars/play-omnidoc_2.11-2.4.3.jar),List(),9000,0.0.0.0,DefaultWatchService,List(/Users/Ger/Documents/Ger Repos/biciapp/public, /Users/Ger/Documents/Ger Repos/biciapp/conf, /Users/Ger/Documents/Ger Repos/biciapp/app),/Users/Ger/Documents/Ger Repos/biciapp/target,500,root/playForkNotifyStart,root/playForkReload,300000,play.core.server.DevServerStart))))
Sending msg to client play-fork-run-cc2d4232-823d-4d39-9b06-5dfa4a1ca719: TaskStarted(10,570,None)
Sending msg to client play-fork-run-cc2d4232-823d-4d39-9b06-5dfa4a1ca719: TaskFinished(10,570,None,true,None)
Sending msg to client play-fork-run-cc2d4232-823d-4d39-9b06-5dfa4a1ca719: TaskStarted(10,569,None)
Sending msg to client play-fork-run-cc2d4232-823d-4d39-9b06-5dfa4a1ca719: TaskFinished(10,569,None,true,None)
Sending msg to client play-fork-run-cc2d4232-823d-4d39-9b06-5dfa4a1ca719: DetachedLogEvent(LogMessage(debug,cancel strategy finish enabled=false lastCommand=Some(LastCommand(CommandExecutionWork(ExecutionId(10),{file:/Users/Ger/Documents/Ger%20Repos/biciapp/}root/*:playForkConfig,Set(LiveClient(play-fork-run cc2d4232-823d-4d39-9b06-5dfa4a1ca719)),sbt.server.WorkCancellationStatus$$anon$1@67d6387)))))
Sending msg to client play-fork-run-cc2d4232-823d-4d39-9b06-5dfa4a1ca719: DetachedLogEvent(LogSuccess(Total time: 0 s, completed Oct 5, 2015 11:39:15 PM))
Sending msg to client play-fork-run-cc2d4232-823d-4d39-9b06-5dfa4a1ca719: DetachedLogEvent(LogMessage(debug,> server-post-command-cleanup))
Sending msg to client play-fork-run-cc2d4232-823d-4d39-9b06-5dfa4a1ca719: ExecutionSuccess(10)
Sending msg to client play-fork-run-cc2d4232-823d-4d39-9b06-5dfa4a1ca719: DetachedLogEvent(LogMessage(debug,> server-handle-next-server-request))
Sending msg to client play-fork-run-cc2d4232-823d-4d39-9b06-5dfa4a1ca719: BackgroundJobLogEvent(2,LogMessage(info,))
Sending msg to client play-fork-run-cc2d4232-823d-4d39-9b06-5dfa4a1ca719: BackgroundJobLogEvent(2,LogMessage(info,[35m--- (Running the application, auto-reloading is enabled) ---[0m))
Sending msg to client play-fork-run-cc2d4232-823d-4d39-9b06-5dfa4a1ca719: BackgroundJobLogEvent(2,LogMessage(info,))
Sending msg to client play-fork-run-cc2d4232-823d-4d39-9b06-5dfa4a1ca719: BackgroundJobLogEvent(2,LogMessage(error,Play fork run has failed due to:))
Sending msg to client play-fork-run-cc2d4232-823d-4d39-9b06-5dfa4a1ca719: BackgroundJobLogEvent(2,LogMessage(error,java.lang.reflect.InvocationTargetException))
Sending msg to client play-fork-run-cc2d4232-823d-4d39-9b06-5dfa4a1ca719: BackgroundJobLogEvent(2,LogMessage(error,	at sun.reflect.NativeMethodAccessorImpl.invoke0(Native Method)))
Sending msg to client play-fork-run-cc2d4232-823d-4d39-9b06-5dfa4a1ca719: BackgroundJobLogEvent(2,LogMessage(error,	at sun.reflect.NativeMethodAccessorImpl.invoke(NativeMethodAccessorImpl.java:62)))
Sending msg to client play-fork-run-cc2d4232-823d-4d39-9b06-5dfa4a1ca719: BackgroundJobLogEvent(2,LogMessage(error,	at sun.reflect.DelegatingMethodAccessorImpl.invoke(DelegatingMethodAccessorImpl.java:43)))
Sending msg to client play-fork-run-cc2d4232-823d-4d39-9b06-5dfa4a1ca719: BackgroundJobLogEvent(2,LogMessage(error,	at java.lang.reflect.Method.invoke(Method.java:497)))
Sending msg to client play-fork-run-cc2d4232-823d-4d39-9b06-5dfa4a1ca719: BackgroundJobLogEvent(2,LogMessage(error,	at play.runsupport.Reloader$.startDevMode(Reloader.scala:223)))
Sending msg to client play-fork-run-cc2d4232-823d-4d39-9b06-5dfa4a1ca719: BackgroundJobLogEvent(2,LogMessage(error,	at play.forkrun.ForkRun$.startServer(ForkRun.scala:82)))
Sending msg to client play-fork-run-cc2d4232-823d-4d39-9b06-5dfa4a1ca719: BackgroundJobLogEvent(2,LogMessage(error,	at play.forkrun.ForkRun.run(ForkRun.scala:177)))
Sending msg to client play-fork-run-cc2d4232-823d-4d39-9b06-5dfa4a1ca719: BackgroundJobLogEvent(2,LogMessage(error,	at play.forkrun.ForkRun$$anonfun$settingUp$1.applyOrElse(ForkRun.scala:166)))
Sending msg to client play-fork-run-cc2d4232-823d-4d39-9b06-5dfa4a1ca719: BackgroundJobLogEvent(2,LogMessage(error,	at akka.actor.Actor$class.aroundReceive(Actor.scala:465)))
Sending msg to client play-fork-run-cc2d4232-823d-4d39-9b06-5dfa4a1ca719: BackgroundJobLogEvent(2,LogMessage(error,	at play.forkrun.ForkRun.aroundReceive(ForkRun.scala:152)))
Sending msg to client play-fork-run-cc2d4232-823d-4d39-9b06-5dfa4a1ca719: BackgroundJobLogEvent(2,LogMessage(error,	at akka.actor.ActorCell.receiveMessage(ActorCell.scala:516)))
Sending msg to client play-fork-run-cc2d4232-823d-4d39-9b06-5dfa4a1ca719: BackgroundJobLogEvent(2,LogMessage(error,	at akka.actor.ActorCell.invoke(ActorCell.scala:487)))
Sending msg to client play-fork-run-cc2d4232-823d-4d39-9b06-5dfa4a1ca719: BackgroundJobLogEvent(2,LogMessage(error,	at akka.dispatch.Mailbox.processMailbox(Mailbox.scala:254)))
Sending msg to client play-fork-run-cc2d4232-823d-4d39-9b06-5dfa4a1ca719: BackgroundJobLogEvent(2,LogMessage(error,	at akka.dispatch.Mailbox.run(Mailbox.scala:221)))
Sending msg to client play-fork-run-cc2d4232-823d-4d39-9b06-5dfa4a1ca719: BackgroundJobLogEvent(2,LogMessage(error,	at akka.dispatch.Mailbox.exec(Mailbox.scala:231)))
Sending msg to client play-fork-run-cc2d4232-823d-4d39-9b06-5dfa4a1ca719: BackgroundJobLogEvent(2,LogMessage(error,	at scala.concurrent.forkjoin.ForkJoinTask.doExec(ForkJoinTask.java:260)))
Sending msg to client play-fork-run-cc2d4232-823d-4d39-9b06-5dfa4a1ca719: BackgroundJobLogEvent(2,LogMessage(error,	at scala.concurrent.forkjoin.ForkJoinPool$WorkQueue.pollAndExecAll(ForkJoinPool.java:1253)))
Sending msg to client play-fork-run-cc2d4232-823d-4d39-9b06-5dfa4a1ca719: BackgroundJobLogEvent(2,LogMessage(error,	at scala.concurrent.forkjoin.ForkJoinPool$WorkQueue.runTask(ForkJoinPool.java:1346)))
Sending msg to client play-fork-run-cc2d4232-823d-4d39-9b06-5dfa4a1ca719: BackgroundJobLogEvent(2,LogMessage(error,	at scala.concurrent.forkjoin.ForkJoinPool.runWorker(ForkJoinPool.java:1979)))
Sending msg to client play-fork-run-cc2d4232-823d-4d39-9b06-5dfa4a1ca719: BackgroundJobLogEvent(2,LogMessage(error,	at scala.concurrent.forkjoin.ForkJoinWorkerThread.run(ForkJoinWorkerThread.java:107)))
Sending msg to client play-fork-run-cc2d4232-823d-4d39-9b06-5dfa4a1ca719: BackgroundJobLogEvent(2,LogMessage(error,Caused by: org.jboss.netty.channel.ChannelException: Failed to bind to: /0.0.0.0:9000))
Sending msg to client play-fork-run-cc2d4232-823d-4d39-9b06-5dfa4a1ca719: BackgroundJobLogEvent(2,LogMessage(error,	at org.jboss.netty.bootstrap.ServerBootstrap.bind(ServerBootstrap.java:272)))
Sending msg to client play-fork-run-cc2d4232-823d-4d39-9b06-5dfa4a1ca719: BackgroundJobLogEvent(2,LogMessage(error,	at play.core.server.NettyServer$$anonfun$1.apply(NettyServer.scala:132)))
Sending msg to client play-fork-run-cc2d4232-823d-4d39-9b06-5dfa4a1ca719: BackgroundJobLogEvent(2,LogMessage(error,	at play.core.server.NettyServer$$anonfun$1.apply(NettyServer.scala:129)))
Sending msg to client play-fork-run-cc2d4232-823d-4d39-9b06-5dfa4a1ca719: BackgroundJobLogEvent(2,LogMessage(error,	at scala.Option.map(Option.scala:146)))
Sending msg to client play-fork-run-cc2d4232-823d-4d39-9b06-5dfa4a1ca719: BackgroundJobLogEvent(2,LogMessage(error,	at play.core.server.NettyServer.<init>(NettyServer.scala:129)))
Sending msg to client play-fork-run-cc2d4232-823d-4d39-9b06-5dfa4a1ca719: BackgroundJobLogEvent(2,LogMessage(error,	at play.core.server.NettyServerProvider.createServer(NettyServer.scala:200)))
Sending msg to client play-fork-run-cc2d4232-823d-4d39-9b06-5dfa4a1ca719: BackgroundJobLogEvent(2,LogMessage(error,	at play.core.server.NettyServerProvider.createServer(NettyServer.scala:199)))
Sending msg to client play-fork-run-cc2d4232-823d-4d39-9b06-5dfa4a1ca719: BackgroundJobLogEvent(2,LogMessage(error,	at play.core.server.DevServerStart$$anonfun$mainDev$1.apply(DevServerStart.scala:208)))
Sending msg to client play-fork-run-cc2d4232-823d-4d39-9b06-5dfa4a1ca719: BackgroundJobLogEvent(2,LogMessage(error,	at play.core.server.DevServerStart$$anonfun$mainDev$1.apply(DevServerStart.scala:61)))
Sending msg to client play-fork-run-cc2d4232-823d-4d39-9b06-5dfa4a1ca719: BackgroundJobLogEvent(2,LogMessage(error,	at play.utils.Threads$.withContextClassLoader(Threads.scala:21)))
Sending msg to client play-fork-run-cc2d4232-823d-4d39-9b06-5dfa4a1ca719: BackgroundJobLogEvent(2,LogMessage(error,	at play.core.server.DevServerStart$.mainDev(DevServerStart.scala:60)))
Sending msg to client play-fork-run-cc2d4232-823d-4d39-9b06-5dfa4a1ca719: BackgroundJobLogEvent(2,LogMessage(error,	at play.core.server.DevServerStart$.mainDevHttpMode(DevServerStart.scala:50)))
Sending msg to client play-fork-run-cc2d4232-823d-4d39-9b06-5dfa4a1ca719: BackgroundJobLogEvent(2,LogMessage(error,	at play.core.server.DevServerStart.mainDevHttpMode(DevServerStart.scala)))
Sending msg to client play-fork-run-cc2d4232-823d-4d39-9b06-5dfa4a1ca719: BackgroundJobLogEvent(2,LogMessage(error,	... 20 more))
Sending msg to client play-fork-run-cc2d4232-823d-4d39-9b06-5dfa4a1ca719: BackgroundJobLogEvent(2,LogMessage(error,Caused by: java.net.BindException: Address already in use))
Sending msg to client play-fork-run-cc2d4232-823d-4d39-9b06-5dfa4a1ca719: BackgroundJobLogEvent(2,LogMessage(error,	at sun.nio.ch.Net.bind0(Native Method)))
Sending msg to client play-fork-run-cc2d4232-823d-4d39-9b06-5dfa4a1ca719: BackgroundJobLogEvent(2,LogMessage(error,	at sun.nio.ch.Net.bind(Net.java:433)))
Sending msg to client play-fork-run-cc2d4232-823d-4d39-9b06-5dfa4a1ca719: BackgroundJobLogEvent(2,LogMessage(error,	at sun.nio.ch.Net.bind(Net.java:425)))
Sending msg to client play-fork-run-cc2d4232-823d-4d39-9b06-5dfa4a1ca719: BackgroundJobLogEvent(2,LogMessage(error,	at sun.nio.ch.ServerSocketChannelImpl.bind(ServerSocketChannelImpl.java:223)))
Sending msg to client play-fork-run-cc2d4232-823d-4d39-9b06-5dfa4a1ca719: BackgroundJobLogEvent(2,LogMessage(error,	at sun.nio.ch.ServerSocketAdaptor.bind(ServerSocketAdaptor.java:74)))
Sending msg to client play-fork-run-cc2d4232-823d-4d39-9b06-5dfa4a1ca719: BackgroundJobLogEvent(2,LogMessage(error,	at org.jboss.netty.channel.socket.nio.NioServerBoss$RegisterTask.run(NioServerBoss.java:193)))
Sending msg to client play-fork-run-cc2d4232-823d-4d39-9b06-5dfa4a1ca719: BackgroundJobLogEvent(2,LogMessage(error,	at org.jboss.netty.channel.socket.nio.AbstractNioSelector.processTaskQueue(AbstractNioSelector.java:391)))
Sending msg to client play-fork-run-cc2d4232-823d-4d39-9b06-5dfa4a1ca719: BackgroundJobLogEvent(2,LogMessage(error,	at org.jboss.netty.channel.socket.nio.AbstractNioSelector.run(AbstractNioSelector.java:315)))
Sending msg to client play-fork-run-cc2d4232-823d-4d39-9b06-5dfa4a1ca719: BackgroundJobLogEvent(2,LogMessage(error,	at org.jboss.netty.channel.socket.nio.NioServerBoss.run(NioServerBoss.java:42)))
Sending msg to client play-fork-run-cc2d4232-823d-4d39-9b06-5dfa4a1ca719: BackgroundJobLogEvent(2,LogMessage(error,	at org.jboss.netty.util.ThreadRenamingRunnable.run(ThreadRenamingRunnable.java:108)))
Sending msg to client play-fork-run-cc2d4232-823d-4d39-9b06-5dfa4a1ca719: BackgroundJobLogEvent(2,LogMessage(error,	at org.jboss.netty.util.internal.DeadLockProofWorker$1.run(DeadLockProofWorker.java:42)))
Sending msg to client play-fork-run-cc2d4232-823d-4d39-9b06-5dfa4a1ca719: BackgroundJobLogEvent(2,LogMessage(error,	at java.util.concurrent.ThreadPoolExecutor.runWorker(ThreadPoolExecutor.java:1142)))
Sending msg to client play-fork-run-cc2d4232-823d-4d39-9b06-5dfa4a1ca719: BackgroundJobLogEvent(2,LogMessage(error,	at java.util.concurrent.ThreadPoolExecutor$Worker.run(ThreadPoolExecutor.java:617)))
Sending msg to client play-fork-run-cc2d4232-823d-4d39-9b06-5dfa4a1ca719: BackgroundJobLogEvent(2,LogMessage(error,	at java.lang.Thread.run(Thread.java:745)))
Sending msg to client play-fork-run-cc2d4232-823d-4d39-9b06-5dfa4a1ca719: BackgroundJobLogEvent(2,LogMessage(info,Stopping Play fork run ...))
Got request: UnlistenToEvents()
Reading next message from client.
Sending msg to client play-fork-run-cc2d4232-823d-4d39-9b06-5dfa4a1ca719: (8,ReceivedResponse())
Got request: UnlistenToValue(AttributeKey[play.forkrun.protocol.ForkConfig]("playForkConfig") in Scope(Build: file:/Users/Ger/Documents/Ger%20Repos/biciapp/, , Project: ProjectReference(file:/Users/Ger/Documents/Ger%20Repos/biciapp/,root)))
Reading next message from client.
Client play-fork-run-cc2d4232-823d-4d39-9b06-5dfa4a1ca719 EOF, shutting down.
Stopping client.
Client play-fork-run-cc2d4232-823d-4d39-9b06-5dfa4a1ca719 thread exiting.
Dropping message (9,ReceivedResponse()) to dead client play-fork-run-cc2d4232-823d-4d39-9b06-5dfa4a1ca719
Dropping message (0,ReceivedResponse()) to dead client play-fork-run-cc2d4232-823d-4d39-9b06-5dfa4a1ca719
